#
# There is insufficient memory for the Java Runtime Environment to continue.
# Native memory allocation (mmap) failed to map 67108864 bytes for G1 virtual space
# Possible reasons:
#   The system is out of physical RAM or swap space
#   The process is running with CompressedOops enabled, and the Java Heap may be blocking the growth of the native heap
# Possible solutions:
#   Reduce memory load on the system
#   Increase physical memory or swap space
#   Check if swap backing store is full
#   Decrease Java heap size (-Xmx/-Xms)
#   Decrease number of Java threads
#   Decrease Java thread stack sizes (-Xss)
#   Set larger code cache with -XX:ReservedCodeCacheSize=
#   JVM is running with Unscaled Compressed Oops mode in which the Java heap is
#     placed in the first 4GB address space. The Java Heap base address is the
#     maximum limit for the native heap growth. Please use -XX:HeapBaseMinAddress
#     to set the Java Heap base and to place the Java Heap above 4GB virtual address.
# This output file may be truncated or incomplete.
#
#  Out of Memory Error (os_windows.cpp:3469), pid=6992, tid=7740
#
# JRE version:  (17.0.1+12) (build )
# Java VM: OpenJDK 64-Bit Server VM (17.0.1+12, mixed mode, sharing, tiered, compressed oops, compressed class ptrs, g1 gc, windows-amd64)
# No core dump will be written. Minidumps are not enabled by default on client versions of Windows
#

---------------  S U M M A R Y ------------

Command Line: -Dfile.encoding=Cp1252 -XX:+ShowCodeDetailsInExceptionMessages tnsif.c2tc.b09.Client

Host: Intel(R) Atom(TM) x5-Z8350  CPU @ 1.44GHz, 4 cores, 3G,  Windows 10 , 64 bit Build 16299 (10.0.16299.1087)
Time: Mon Mar 21 21:16:41 2022 India Standard Time elapsed time: 0.155380 seconds (0d 0h 0m 0s)

---------------  T H R E A D  ---------------

Current thread (0x000001839246d910):  JavaThread "Unknown thread" [_thread_in_vm, id=7740, stack(0x00000047d2300000,0x00000047d2400000)]

Stack: [0x00000047d2300000,0x00000047d2400000]
Native frames: (J=compiled Java code, j=interpreted, Vv=VM code, C=native code)
V  [jvm.dll+0x6744da]
V  [jvm.dll+0x82e144]
V  [jvm.dll+0x82f8ee]
V  [jvm.dll+0x82ff53]
V  [jvm.dll+0x245175]
V  [jvm.dll+0x6714c9]
V  [jvm.dll+0x665f92]
V  [jvm.dll+0x303c3b]
V  [jvm.dll+0x30b176]
V  [jvm.dll+0x35af1e]
V  [jvm.dll+0x35b14f]
V  [jvm.dll+0x2dab78]
V  [jvm.dll+0x2dbae4]
V  [jvm.dll+0x7ffdf1]
V  [jvm.dll+0x368c91]
V  [jvm.dll+0x7df2cc]
V  [jvm.dll+0x3eb59f]
V  [jvm.dll+0x3ed121]
C  [jli.dll+0x5277]
C  [ucrtbase.dll+0x1fa95]
C  [KERNEL32.DLL+0x137e4]
C  [ntdll.dll+0x6cb81]


---------------  P R O C E S S  ---------------

Threads class SMR info:
_java_thread_list=0x00007ffe18714e58, length=0, elements={
}

Java Threads: ( => current thread )

Other Threads:
  0x000001839249d880 GCTaskThread "GC Thread#0" [stack: 0x00000047d2400000,0x00000047d2500000] [id=8084]
  0x00000183924a6450 ConcurrentGCThread "G1 Main Marker" [stack: 0x00000047d2500000,0x00000047d2600000] [id=5440]
  0x00000183924a8a80 ConcurrentGCThread "G1 Conc#0" [stack: 0x00000047d2600000,0x00000047d2700000] [id=7780]

[error occurred during error reporting (printing all threads), id 0xc0000005, EXCEPTION_ACCESS_VIOLATION (0xc0000005) at pc=0x00007ffe17eeb5f7]

VM state: not at safepoint (not fully initialized)

VM Mutex/Monitor currently owned by a thread:  ([mutex/lock_event])
[0x000001839246aed0] Heap_lock - owner thread: 0x000001839246d910

Heap address: 0x00000000c1400000, size: 1004 MB, Compressed Oops mode: 32-bit

CDS archive(s) mapped at: [0x0000000000000000-0x0000000000000000-0x0000000000000000), size 0, SharedBaseAddress: 0x0000000800000000, ArchiveRelocationMode: 0.
Narrow klass base: 0x0000000000000000, Narrow klass shift: 0, Narrow klass range: 0x0

GC Precious Log:
<Empty>

Heap:
 garbage-first heap   total 0K, used 0K [0x00000000c1400000, 0x0000000100000000)
  region size 1024K, 0 young (0K), 0 survivors (0K)

[error occurred during error reporting (printing heap information), id 0xc0000005, EXCEPTION_ACCESS_VIOLATION (0xc0000005) at pc=0x00007ffe182cd729]

GC Heap History (0 events):
No events

Deoptimization events (0 events):
No events

Classes unloaded (0 events):
No events

Classes redefined (0 events):
No events

Internal exceptions (0 events):
No events

VM Operations (0 events):
No events

Events (1 events):
Event: 0.028 Loaded shared library C:\Users\Shreyas\.p2\pool\plugins\org.eclipse.justj.openjdk.hotspot.jre.full.win32.x86_64_17.0.1.v20211116-1657\jre\bin\java.dll


Dynamic libraries:
0x00007ff6305c0000 - 0x00007ff6305ce000 	C:\Users\Shreyas\.p2\pool\plugins\org.eclipse.justj.openjdk.hotspot.jre.full.win32.x86_64_17.0.1.v20211116-1657\jre\bin\javaw.exe
0x00007ffe40110000 - 0x00007ffe402f0000 	C:\WINDOWS\SYSTEM32\ntdll.dll
0x00007ffe3fae0000 - 0x00007ffe3fb8e000 	C:\WINDOWS\System32\KERNEL32.DLL
0x00007ffe3c870000 - 0x00007ffe3cad6000 	C:\WINDOWS\System32\KERNELBASE.dll
0x00007ffe3d3d0000 - 0x00007ffe3d4c4000 	C:\WINDOWS\System32\ucrtbase.dll
0x00007ffe24af0000 - 0x00007ffe24b08000 	C:\Users\Shreyas\.p2\pool\plugins\org.eclipse.justj.openjdk.hotspot.jre.full.win32.x86_64_17.0.1.v20211116-1657\jre\bin\jli.dll
0x00007ffe3e500000 - 0x00007ffe3e68f000 	C:\WINDOWS\System32\USER32.dll
0x00007ffe3d520000 - 0x00007ffe3d540000 	C:\WINDOWS\System32\win32u.dll
0x00007ffe3db80000 - 0x00007ffe3dba8000 	C:\WINDOWS\System32\GDI32.dll
0x00007ffe3cae0000 - 0x00007ffe3cc73000 	C:\WINDOWS\System32\gdi32full.dll
0x00007ffe3d540000 - 0x00007ffe3d5db000 	C:\WINDOWS\System32\msvcp_win.dll
0x00007ffe271f0000 - 0x00007ffe27209000 	C:\Users\Shreyas\.p2\pool\plugins\org.eclipse.justj.openjdk.hotspot.jre.full.win32.x86_64_17.0.1.v20211116-1657\jre\bin\VCRUNTIME140.dll
0x00007ffe2a160000 - 0x00007ffe2a3c9000 	C:\WINDOWS\WinSxS\amd64_microsoft.windows.common-controls_6595b64144ccf1df_6.0.16299.1087_none_0f9074b65a6589b7\COMCTL32.dll
0x00007ffe3d7f0000 - 0x00007ffe3d88d000 	C:\WINDOWS\System32\msvcrt.dll
0x00007ffe3dc20000 - 0x00007ffe3df26000 	C:\WINDOWS\System32\combase.dll
0x00007ffe3d890000 - 0x00007ffe3d9af000 	C:\WINDOWS\System32\RPCRT4.dll
0x00007ffe3c510000 - 0x00007ffe3c582000 	C:\WINDOWS\System32\bcryptPrimitives.dll
0x00007ffe3db50000 - 0x00007ffe3db7d000 	C:\WINDOWS\System32\IMM32.DLL
0x00007ffe36100000 - 0x00007ffe3610c000 	C:\Users\Shreyas\.p2\pool\plugins\org.eclipse.justj.openjdk.hotspot.jre.full.win32.x86_64_17.0.1.v20211116-1657\jre\bin\vcruntime140_1.dll
0x00007ffe23ed0000 - 0x00007ffe23f61000 	C:\Users\Shreyas\.p2\pool\plugins\org.eclipse.justj.openjdk.hotspot.jre.full.win32.x86_64_17.0.1.v20211116-1657\jre\bin\msvcp140.dll
0x00007ffe17c00000 - 0x00007ffe18846000 	C:\Users\Shreyas\.p2\pool\plugins\org.eclipse.justj.openjdk.hotspot.jre.full.win32.x86_64_17.0.1.v20211116-1657\jre\bin\server\jvm.dll
0x00007ffe3df30000 - 0x00007ffe3dfd1000 	C:\WINDOWS\System32\ADVAPI32.dll
0x00007ffe3dbc0000 - 0x00007ffe3dc1b000 	C:\WINDOWS\System32\sechost.dll
0x00007ffe3dbb0000 - 0x00007ffe3dbb8000 	C:\WINDOWS\System32\PSAPI.DLL
0x00007ffe3b130000 - 0x00007ffe3b139000 	C:\WINDOWS\SYSTEM32\WSOCK32.dll
0x00007ffe3dfe0000 - 0x00007ffe3e04c000 	C:\WINDOWS\System32\WS2_32.dll
0x00007ffe2cca0000 - 0x00007ffe2ccaa000 	C:\WINDOWS\SYSTEM32\VERSION.dll
0x00007ffe39e30000 - 0x00007ffe39e53000 	C:\WINDOWS\SYSTEM32\WINMM.dll
0x00007ffe39e00000 - 0x00007ffe39e2a000 	C:\WINDOWS\SYSTEM32\WINMMBASE.dll
0x00007ffe3d4d0000 - 0x00007ffe3d51a000 	C:\WINDOWS\System32\cfgmgr32.dll
0x00007ffe3c4d0000 - 0x00007ffe3c4e1000 	C:\WINDOWS\System32\kernel.appcore.dll
0x00007ffe3a020000 - 0x00007ffe3a02a000 	C:\Users\Shreyas\.p2\pool\plugins\org.eclipse.justj.openjdk.hotspot.jre.full.win32.x86_64_17.0.1.v20211116-1657\jre\bin\jimage.dll
0x00007ffe3af40000 - 0x00007ffe3b108000 	C:\WINDOWS\SYSTEM32\DBGHELP.DLL
0x00007ffe34a80000 - 0x00007ffe34aa9000 	C:\WINDOWS\SYSTEM32\dbgcore.DLL
0x00007ffe34390000 - 0x00007ffe343b5000 	C:\Users\Shreyas\.p2\pool\plugins\org.eclipse.justj.openjdk.hotspot.jre.full.win32.x86_64_17.0.1.v20211116-1657\jre\bin\java.dll

dbghelp: loaded successfully - version: 4.0.5 - missing functions: none
symbol engine: initialized successfully - sym options: 0x614 - pdb path: .;C:\Users\Shreyas\.p2\pool\plugins\org.eclipse.justj.openjdk.hotspot.jre.full.win32.x86_64_17.0.1.v20211116-1657\jre\bin;C:\WINDOWS\SYSTEM32;C:\WINDOWS\WinSxS\amd64_microsoft.windows.common-controls_6595b64144ccf1df_6.0.16299.1087_none_0f9074b65a6589b7;C:\Users\Shreyas\.p2\pool\plugins\org.eclipse.justj.openjdk.hotspot.jre.full.win32.x86_64_17.0.1.v20211116-1657\jre\bin\server

VM Arguments:
jvm_args: -Dfile.encoding=Cp1252 -XX:+ShowCodeDetailsInExceptionMessages 
java_command: tnsif.c2tc.b09.Client
java_class_path (initial): C:\Users\Shreyas\eclipse-workspace\JPQL_BookDemo\bin;C:\Users\Shreyas\Downloads\0 Hibernate JAR Files\Hibernate\antlr-2.7.7 - Copy.jar;C:\Users\Shreyas\Downloads\0 Hibernate JAR Files\Hibernate\antlr-2.7.7.jar;C:\Users\Shreyas\Downloads\0 Hibernate JAR Files\Hibernate\byte-buddy-1.8.17.jar;C:\Users\Shreyas\Downloads\0 Hibernate JAR Files\Hibernate\classmate-1.3.4.jar;C:\Users\Shreyas\Downloads\0 Hibernate JAR Files\Hibernate\dom4j-2.1.1.jar;C:\Users\Shreyas\Downloads\0 Hibernate JAR Files\Hibernate\hibernate-commons-annotations-5.0.4.Final.jar;C:\Users\Shreyas\Downloads\0 Hibernate JAR Files\Hibernate\hibernate-core-5.3.7.Final.jar;C:\Users\Shreyas\Downloads\0 Hibernate JAR Files\Hibernate\jandex-2.0.5.Final.jar;C:\Users\Shreyas\Downloads\0 Hibernate JAR Files\Hibernate\javassist-3.23.1-GA.jar;C:\Users\Shreyas\Downloads\0 Hibernate JAR Files\Hibernate\javax.activation-api-1.2.0.jar;C:\Users\Shreyas\Downloads\0 Hibernate JAR Files\Hibernate\javax.persistence-api-2.2.jar;C:\Users\Shreyas\Downloads\0 Hibernate JAR Files\Hibernate\jaxb-api-2.2.jar;C:\Users\Shreyas\Downloads\0 Hibernate JAR Files\Hibernate\jboss-logging-3.3.2.Final.jar;C:\Users\Shreyas\Downloads\0 Hibernate JAR Files\Hibernate\jboss-transaction-api_1.2_spec-1.1.1.Final.jar;C:\Users\Shreyas\Downloads\0 Hibernate JAR Files\Hibernate\jsp-api-2.2.jar;C:\Users\Shreyas\Downloads\0 Hibernate JAR Files\Hibernate\jstl-1.2.jar;C:\Users\Shreyas\Downloads\0 Hibernate JAR Files\Hibernate\mysql-connector-java-8.0.13.jar;C:\Users\Shreyas\Downloads\0 Hibernate JAR Files\Hibernate\protobuf-java-3.6.1.jar;C:\Users\Shreyas\Downloads\0 Hibernate JAR Files\Hibernate\servlet-api-2.5.jar
Launcher Type: SUN_STANDARD

[Global flags]
     intx CICompilerCount                          = 3                                         {product} {ergonomic}
     uint ConcGCThreads                            = 1                                         {product} {ergonomic}
     uint G1ConcRefinementThreads                  = 4                                         {product} {ergonomic}
   size_t G1HeapRegionSize                         = 1048576                                   {product} {ergonomic}
    uintx GCDrainStackTargetSize                   = 64                                        {product} {ergonomic}
   size_t InitialHeapSize                          = 67108864                                  {product} {ergonomic}
   size_t MarkStackSize                            = 4194304                                   {product} {ergonomic}
   size_t MaxHeapSize                              = 1052770304                                {product} {ergonomic}
   size_t MinHeapDeltaBytes                        = 1048576                                   {product} {ergonomic}
   size_t MinHeapSize                              = 8388608                                   {product} {ergonomic}
    uintx NonNMethodCodeHeapSize                   = 5832780                                {pd product} {ergonomic}
    uintx NonProfiledCodeHeapSize                  = 122912730                              {pd product} {ergonomic}
    uintx ProfiledCodeHeapSize                     = 122912730                              {pd product} {ergonomic}
    uintx ReservedCodeCacheSize                    = 251658240                              {pd product} {ergonomic}
     bool SegmentedCodeCache                       = true                                      {product} {ergonomic}
     bool ShowCodeDetailsInExceptionMessages       = true                                   {manageable} {command line}
   size_t SoftMaxHeapSize                          = 1052770304                             {manageable} {ergonomic}
     bool UseCompressedClassPointers               = true                           {product lp64_product} {ergonomic}
     bool UseCompressedOops                        = true                           {product lp64_product} {ergonomic}
     bool UseG1GC                                  = true                                      {product} {ergonomic}
     bool UseLargePagesIndividualAllocation        = false                                  {pd product} {ergonomic}

Logging:
Log output configuration:
 #0: stdout all=warning uptime,level,tags
 #1: stderr all=off uptime,level,tags

Environment Variables:
PATH=C:/Users/Shreyas/.p2/pool/plugins/org.eclipse.justj.openjdk.hotspot.jre.full.win32.x86_64_17.0.1.v20211116-1657/jre/bin/server;C:/Users/Shreyas/.p2/pool/plugins/org.eclipse.justj.openjdk.hotspot.jre.full.win32.x86_64_17.0.1.v20211116-1657/jre/bin;C:\Program Files\Common Files\Oracle\Java\javapath;C:\WINDOWS\system32;C:\WINDOWS;C:\WINDOWS\System32\Wbem;C:\WINDOWS\System32\WindowsPowerShell\v1.0\;C:\Program Files\MySQL\MySQL Server 8.0\bin;C:\Program Files\Java\jdk-17.0.1;C:\Program Files\MySQL\MySQL Shell 8.0\bin\;C:\Users\Shreyas\AppData\Local\Microsoft\WindowsApps;;C:\Users\Shreyas\Desktop;
USERNAME=Shreyas
OS=Windows_NT
PROCESSOR_IDENTIFIER=Intel64 Family 6 Model 76 Stepping 4, GenuineIntel



---------------  S Y S T E M  ---------------

OS:
 Windows 10 , 64 bit Build 16299 (10.0.16299.1087)
OS uptime: 0 days 5:01 hours

CPU: total 4 (initial active 4) (4 cores per cpu, 1 threads per core) family 6 model 76 stepping 4 microcode 0x410, cx8, cmov, fxsr, mmx, 3dnowpref, sse, sse2, sse3, ssse3, sse4.1, sse4.2, popcnt, tsc, tscinvbit, aes, erms, clmul, clflush

Memory: 4k page, system-wide physical 4010M (499M free)
TotalPageFile size 7595M (AvailPageFile size 19M)
current process WorkingSet (physical memory assigned to process): 10M, peak: 10M
current process commit charge ("private bytes"): 51M, peak: 115M

vm_info: OpenJDK 64-Bit Server VM (17.0.1+12) for windows-amd64 JRE (17.0.1+12), built on Oct 20 2021 07:42:55 by "" with MS VC++ 16.7 (VS2019)

END.
