#
# There is insufficient memory for the Java Runtime Environment to continue.
# Native memory allocation (mmap) failed to map 65536 bytes for Failed to commit metaspace.
# Possible reasons:
#   The system is out of physical RAM or swap space
#   The process is running with CompressedOops enabled, and the Java Heap may be blocking the growth of the native heap
# Possible solutions:
#   Reduce memory load on the system
#   Increase physical memory or swap space
#   Check if swap backing store is full
#   Decrease Java heap size (-Xmx/-Xms)
#   Decrease number of Java threads
#   Decrease Java thread stack sizes (-Xss)
#   Set larger code cache with -XX:ReservedCodeCacheSize=
#   JVM is running with Unscaled Compressed Oops mode in which the Java heap is
#     placed in the first 4GB address space. The Java Heap base address is the
#     maximum limit for the native heap growth. Please use -XX:HeapBaseMinAddress
#     to set the Java Heap base and to place the Java Heap above 4GB virtual address.
# This output file may be truncated or incomplete.
#
#  Out of Memory Error (virtualSpaceNode.cpp:110), pid=10880, tid=7768
#
# JRE version: OpenJDK Runtime Environment Temurin-17.0.1+12 (17.0.1+12) (build 17.0.1+12)
# Java VM: OpenJDK 64-Bit Server VM Temurin-17.0.1+12 (17.0.1+12, mixed mode, tiered, compressed oops, compressed class ptrs, g1 gc, windows-amd64)
# No core dump will be written. Minidumps are not enabled by default on client versions of Windows
#

---------------  S U M M A R Y ------------

Command Line: -Dfile.encoding=Cp1252 -XX:+ShowCodeDetailsInExceptionMessages tnsif.c2tc.b09.Client

Host: Intel(R) Atom(TM) x5-Z8350  CPU @ 1.44GHz, 4 cores, 3G,  Windows 10 , 64 bit Build 16299 (10.0.16299.1087)
Time: Thu Mar 17 22:17:40 2022 India Standard Time elapsed time: 9.966535 seconds (0d 0h 0m 9s)

---------------  T H R E A D  ---------------

Current thread (0x000002a29b3bd9e0):  JavaThread "main" [_thread_in_vm, id=7768, stack(0x000000ad06400000,0x000000ad06500000)]

Stack: [0x000000ad06400000,0x000000ad06500000]
Native frames: (J=compiled Java code, j=interpreted, Vv=VM code, C=native code)
V  [jvm.dll+0x6744da]
V  [jvm.dll+0x82e144]
V  [jvm.dll+0x82f8ee]
V  [jvm.dll+0x82ff53]
V  [jvm.dll+0x245175]
V  [jvm.dll+0x82a0eb]
V  [jvm.dll+0x619566]
V  [jvm.dll+0x1bff1e]
V  [jvm.dll+0x61beb1]
V  [jvm.dll+0x619f06]
V  [jvm.dll+0x36ada2]
V  [jvm.dll+0x1e1aeb]
V  [jvm.dll+0x53b179]
V  [jvm.dll+0x7a9378]
V  [jvm.dll+0x7a9464]
V  [jvm.dll+0x40bfd5]
V  [jvm.dll+0x4121c8]
C  [java.dll+0x17ec]

Java frames: (J=compiled Java code, j=interpreted, Vv=VM code)
J 884  java.lang.ClassLoader.defineClass1(Ljava/lang/ClassLoader;Ljava/lang/String;[BIILjava/security/ProtectionDomain;Ljava/lang/String;)Ljava/lang/Class; java.base@17.0.1 (0 bytes) @ 0x000002a2a657175b [0x000002a2a65716a0+0x00000000000000bb]
J 887 c1 java.lang.ClassLoader.defineClass(Ljava/lang/String;[BIILjava/security/ProtectionDomain;)Ljava/lang/Class; java.base@17.0.1 (43 bytes) @ 0x000002a29f19af44 [0x000002a29f19ac00+0x0000000000000344]
J 900 c1 java.security.SecureClassLoader.defineClass(Ljava/lang/String;[BIILjava/security/CodeSource;)Ljava/lang/Class; java.base@17.0.1 (16 bytes) @ 0x000002a29f1a7d8c [0x000002a29f1a7cc0+0x00000000000000cc]
J 845 c1 jdk.internal.loader.BuiltinClassLoader.defineClass(Ljava/lang/String;Ljdk/internal/loader/Resource;)Ljava/lang/Class; java.base@17.0.1 (121 bytes) @ 0x000002a29f180c5c [0x000002a29f17fd80+0x0000000000000edc]
J 762 c1 jdk.internal.loader.BuiltinClassLoader.findClassOnClassPathOrNull(Ljava/lang/String;)Ljava/lang/Class; java.base@17.0.1 (64 bytes) @ 0x000002a29f151ea4 [0x000002a29f150e60+0x0000000000001044]
J 629 c1 jdk.internal.loader.BuiltinClassLoader.loadClassOrNull(Ljava/lang/String;Z)Ljava/lang/Class; java.base@17.0.1 (143 bytes) @ 0x000002a29f101284 [0x000002a29f1003c0+0x0000000000000ec4]
J 745 c1 jdk.internal.loader.ClassLoaders$AppClassLoader.loadClass(Ljava/lang/String;Z)Ljava/lang/Class; java.base@17.0.1 (40 bytes) @ 0x000002a29f13dff4 [0x000002a29f13d9e0+0x0000000000000614]
J 728 c1 java.lang.ClassLoader.loadClass(Ljava/lang/String;)Ljava/lang/Class; java.base@17.0.1 (7 bytes) @ 0x000002a29f133abc [0x000002a29f1339c0+0x00000000000000fc]
v  ~StubRoutines::call_stub
j  net.bytebuddy.description.type.TypeDescription$ForLoadedType.getTypeVariables()Lnet/bytebuddy/description/type/TypeList$Generic;+18
j  net.bytebuddy.description.type.TypeDescription$AbstractBase.isGenerified()Z+1
j  net.bytebuddy.description.type.TypeDescription$Generic$OfParameterizedType$ForGenerifiedErasure.of(Lnet/bytebuddy/description/type/TypeDescription;)Lnet/bytebuddy/description/type/TypeDescription$Generic;+1
j  net.bytebuddy.description.method.MethodDescription$InDefinedShape$AbstractBase.getReceiverType()Lnet/bytebuddy/description/type/TypeDescription$Generic;+38
j  net.bytebuddy.description.method.MethodDescription$ForLoadedConstructor.getReceiverType()Lnet/bytebuddy/description/type/TypeDescription$Generic;+18
j  net.bytebuddy.description.method.MethodDescription$TypeSubstituting.getReceiverType()Lnet/bytebuddy/description/type/TypeDescription$Generic;+4
j  net.bytebuddy.description.method.MethodDescription$AbstractBase.asToken(Lnet/bytebuddy/matcher/ElementMatcher;)Lnet/bytebuddy/description/method/MethodDescription$Token;+1
j  net.bytebuddy.description.method.MethodDescription$AbstractBase.asToken(Lnet/bytebuddy/matcher/ElementMatcher;)Lnet/bytebuddy/description/ByteCodeElement$Token;+2
j  net.bytebuddy.description.method.MethodList$AbstractBase.asTokenList(Lnet/bytebuddy/matcher/ElementMatcher;)Lnet/bytebuddy/description/ByteCodeElement$Token$TokenList;+41
j  net.bytebuddy.dynamic.scaffold.subclass.ConstructorStrategy$Default$5.doExtractConstructors(Lnet/bytebuddy/description/type/TypeDescription;)Ljava/util/List;+51
j  net.bytebuddy.dynamic.scaffold.subclass.ConstructorStrategy$Default.extractConstructors(Lnet/bytebuddy/description/type/TypeDescription;)Ljava/util/List;+2
j  net.bytebuddy.dynamic.scaffold.subclass.SubclassDynamicTypeBuilder.applyConstructorStrategy(Lnet/bytebuddy/dynamic/scaffold/InstrumentedType;)Lnet/bytebuddy/dynamic/scaffold/InstrumentedType;+14
j  net.bytebuddy.dynamic.scaffold.subclass.SubclassDynamicTypeBuilder.make(Lnet/bytebuddy/dynamic/TypeResolutionStrategy;Lnet/bytebuddy/pool/TypePool;)Lnet/bytebuddy/dynamic/DynamicType$Unloaded;+22
j  net.bytebuddy.dynamic.scaffold.subclass.SubclassDynamicTypeBuilder.make(Lnet/bytebuddy/dynamic/TypeResolutionStrategy;)Lnet/bytebuddy/dynamic/DynamicType$Unloaded;+5
j  net.bytebuddy.dynamic.DynamicType$Builder$AbstractBase.make()Lnet/bytebuddy/dynamic/DynamicType$Unloaded;+4
j  net.bytebuddy.dynamic.DynamicType$Builder$AbstractBase$Delegator.make()Lnet/bytebuddy/dynamic/DynamicType$Unloaded;+4
j  org.hibernate.bytecode.internal.bytebuddy.ByteBuddyState.make(Lnet/bytebuddy/pool/TypePool;Lnet/bytebuddy/dynamic/DynamicType$Builder;)Lnet/bytebuddy/dynamic/DynamicType$Unloaded;+44
j  org.hibernate.bytecode.internal.bytebuddy.ByteBuddyState.make(Lnet/bytebuddy/dynamic/DynamicType$Builder;)Lnet/bytebuddy/dynamic/DynamicType$Unloaded;+3
j  org.hibernate.bytecode.internal.bytebuddy.ByteBuddyState.lambda$load$0(Ljava/util/function/Function;Ljava/lang/Class;)Ljava/lang/Class;+14
j  org.hibernate.bytecode.internal.bytebuddy.ByteBuddyState$$Lambda$139+0x00000001003e1b70.call()Ljava/lang/Object;+12
j  net.bytebuddy.TypeCache.findOrInsert(Ljava/lang/ClassLoader;Ljava/lang/Object;Ljava/util/concurrent/Callable;)Ljava/lang/Class;+20
j  net.bytebuddy.TypeCache$WithInlineExpunction.findOrInsert(Ljava/lang/ClassLoader;Ljava/lang/Object;Ljava/util/concurrent/Callable;)Ljava/lang/Class;+4
j  net.bytebuddy.TypeCache.findOrInsert(Ljava/lang/ClassLoader;Ljava/lang/Object;Ljava/util/concurrent/Callable;Ljava/lang/Object;)Ljava/lang/Class;+26
j  net.bytebuddy.TypeCache$WithInlineExpunction.findOrInsert(Ljava/lang/ClassLoader;Ljava/lang/Object;Ljava/util/concurrent/Callable;Ljava/lang/Object;)Ljava/lang/Class;+6
j  org.hibernate.bytecode.internal.bytebuddy.ByteBuddyState.load(Ljava/lang/Class;Lnet/bytebuddy/TypeCache;Lnet/bytebuddy/TypeCache$SimpleKey;Ljava/util/function/Function;)Ljava/lang/Class;+16
j  org.hibernate.bytecode.internal.bytebuddy.ByteBuddyState.loadProxy(Ljava/lang/Class;Lnet/bytebuddy/TypeCache$SimpleKey;Ljava/util/function/Function;)Ljava/lang/Class;+8
j  org.hibernate.proxy.pojo.bytebuddy.ByteBuddyProxyHelper.buildProxy(Ljava/lang/Class;[Ljava/lang/Class;)Ljava/lang/Class;+54
j  org.hibernate.proxy.pojo.bytebuddy.ByteBuddyProxyFactory.postInstantiate(Ljava/lang/String;Ljava/lang/Class;Ljava/util/Set;Ljava/lang/reflect/Method;Ljava/lang/reflect/Method;Lorg/hibernate/type/CompositeType;)V+55
j  org.hibernate.tuple.entity.PojoEntityTuplizer.buildProxyFactory(Lorg/hibernate/mapping/PersistentClass;Lorg/hibernate/property/access/spi/Getter;Lorg/hibernate/property/access/spi/Setter;)Lorg/hibernate/proxy/ProxyFactory;+476
j  org.hibernate.tuple.entity.AbstractEntityTuplizer.<init>(Lorg/hibernate/tuple/entity/EntityMetamodel;Lorg/hibernate/mapping/PersistentClass;)V+210
j  org.hibernate.tuple.entity.PojoEntityTuplizer.<init>(Lorg/hibernate/tuple/entity/EntityMetamodel;Lorg/hibernate/mapping/PersistentClass;)V+3
v  ~StubRoutines::call_stub
J 1336  jdk.internal.reflect.NativeConstructorAccessorImpl.newInstance0(Ljava/lang/reflect/Constructor;[Ljava/lang/Object;)Ljava/lang/Object; java.base@17.0.1 (0 bytes) @ 0x000002a2a65aa606 [0x000002a2a65aa5a0+0x0000000000000066]
J 1335 c1 jdk.internal.reflect.NativeConstructorAccessorImpl.newInstance([Ljava/lang/Object;)Ljava/lang/Object; java.base@17.0.1 (122 bytes) @ 0x000002a29f257864 [0x000002a29f256f60+0x0000000000000904]
J 1384 c1 jdk.internal.reflect.DelegatingConstructorAccessorImpl.newInstance([Ljava/lang/Object;)Ljava/lang/Object; java.base@17.0.1 (9 bytes) @ 0x000002a29f26a6bc [0x000002a29f26a5c0+0x00000000000000fc]
J 1382 c1 java.lang.reflect.Constructor.newInstanceWithCaller([Ljava/lang/Object;ZLjava/lang/Class;)Ljava/lang/Object; java.base@17.0.1 (75 bytes) @ 0x000002a29f26a0d4 [0x000002a29f269e80+0x0000000000000254]
J 1394 c1 java.lang.reflect.Constructor.newInstance([Ljava/lang/Object;)Ljava/lang/Object; java.base@17.0.1 (34 bytes) @ 0x000002a29f26d0ac [0x000002a29f26cf40+0x000000000000016c]
j  org.hibernate.tuple.entity.EntityTuplizerFactory.constructTuplizer(Ljava/lang/Class;Lorg/hibernate/tuple/entity/EntityMetamodel;Lorg/hibernate/mapping/PersistentClass;)Lorg/hibernate/tuple/entity/EntityTuplizer;+70
j  org.hibernate.tuple.entity.EntityTuplizerFactory.constructDefaultTuplizer(Lorg/hibernate/EntityMode;Lorg/hibernate/tuple/entity/EntityMetamodel;Lorg/hibernate/mapping/PersistentClass;)Lorg/hibernate/tuple/entity/EntityTuplizer;+57
j  org.hibernate.tuple.entity.EntityMetamodel.<init>(Lorg/hibernate/mapping/PersistentClass;Lorg/hibernate/persister/entity/EntityPersister;Lorg/hibernate/engine/spi/SessionFactoryImplementor;)V+1671
j  org.hibernate.persister.entity.AbstractEntityPersister.<init>(Lorg/hibernate/mapping/PersistentClass;Lorg/hibernate/cache/spi/access/EntityDataAccess;Lorg/hibernate/cache/spi/access/NaturalIdDataAccess;Lorg/hibernate/persister/spi/PersisterCreationContext;)V+207
j  org.hibernate.persister.entity.SingleTableEntityPersister.<init>(Lorg/hibernate/mapping/PersistentClass;Lorg/hibernate/cache/spi/access/EntityDataAccess;Lorg/hibernate/cache/spi/access/NaturalIdDataAccess;Lorg/hibernate/persister/spi/PersisterCreationContext;)V+6
v  ~StubRoutines::call_stub
J 1336  jdk.internal.reflect.NativeConstructorAccessorImpl.newInstance0(Ljava/lang/reflect/Constructor;[Ljava/lang/Object;)Ljava/lang/Object; java.base@17.0.1 (0 bytes) @ 0x000002a2a65aa606 [0x000002a2a65aa5a0+0x0000000000000066]
J 1335 c1 jdk.internal.reflect.NativeConstructorAccessorImpl.newInstance([Ljava/lang/Object;)Ljava/lang/Object; java.base@17.0.1 (122 bytes) @ 0x000002a29f257864 [0x000002a29f256f60+0x0000000000000904]
J 1384 c1 jdk.internal.reflect.DelegatingConstructorAccessorImpl.newInstance([Ljava/lang/Object;)Ljava/lang/Object; java.base@17.0.1 (9 bytes) @ 0x000002a29f26a6bc [0x000002a29f26a5c0+0x00000000000000fc]
J 1382 c1 java.lang.reflect.Constructor.newInstanceWithCaller([Ljava/lang/Object;ZLjava/lang/Class;)Ljava/lang/Object; java.base@17.0.1 (75 bytes) @ 0x000002a29f26a0d4 [0x000002a29f269e80+0x0000000000000254]
J 1394 c1 java.lang.reflect.Constructor.newInstance([Ljava/lang/Object;)Ljava/lang/Object; java.base@17.0.1 (34 bytes) @ 0x000002a29f26d0ac [0x000002a29f26cf40+0x000000000000016c]
j  org.hibernate.persister.internal.PersisterFactoryImpl.createEntityPersister(Ljava/lang/Class;Lorg/hibernate/mapping/PersistentClass;Lorg/hibernate/cache/spi/access/EntityDataAccess;Lorg/hibernate/cache/spi/access/NaturalIdDataAccess;Lorg/hibernate/persister/spi/PersisterCreationContext;)Lorg/hibernate/persister/entity/EntityPersister;+33
j  org.hibernate.persister.internal.PersisterFactoryImpl.createEntityPersister(Lorg/hibernate/mapping/PersistentClass;Lorg/hibernate/cache/spi/access/EntityDataAccess;Lorg/hibernate/cache/spi/access/NaturalIdDataAccess;Lorg/hibernate/persister/spi/PersisterCreationContext;)Lorg/hibernate/persister/entity/EntityPersister;+41
j  org.hibernate.metamodel.internal.MetamodelImpl.initialize(Lorg/hibernate/boot/spi/MetadataImplementor;Lorg/hibernate/metamodel/internal/JpaMetaModelPopulationSetting;)V+148
j  org.hibernate.internal.SessionFactoryImpl.<init>(Lorg/hibernate/boot/spi/BootstrapContext;Lorg/hibernate/boot/spi/MetadataImplementor;Lorg/hibernate/boot/spi/SessionFactoryOptions;)V+659
j  org.hibernate.boot.internal.SessionFactoryBuilderImpl.build()Lorg/hibernate/SessionFactory;+25
j  org.hibernate.jpa.boot.internal.EntityManagerFactoryBuilderImpl.build()Ljavax/persistence/EntityManagerFactory;+20
j  org.hibernate.jpa.HibernatePersistenceProvider.createEntityManagerFactory(Ljava/lang/String;Ljava/util/Map;)Ljavax/persistence/EntityManagerFactory;+31
j  javax.persistence.Persistence.createEntityManagerFactory(Ljava/lang/String;Ljava/util/Map;)Ljavax/persistence/EntityManagerFactory;+49
j  javax.persistence.Persistence.createEntityManagerFactory(Ljava/lang/String;)Ljavax/persistence/EntityManagerFactory;+2
j  tnsif.c2tc.b09.dao.Configuration.<clinit>()V+2
v  ~StubRoutines::call_stub
j  tnsif.c2tc.b09.dao.StudentDaoImpl.<init>()V+5
j  tnsif.c2tc.b09.service.StudentServiceImpl.<init>()V+9
j  tnsif.c2tc.b09.Client.main([Ljava/lang/String;)V+12
v  ~StubRoutines::call_stub

---------------  P R O C E S S  ---------------

Threads class SMR info:
_java_thread_list=0x000002a2b33bed90, length=14, elements={
0x000002a29b3bd9e0, 0x000002a2b243c4a0, 0x000002a2b24401f0, 0x000002a29b48c400,
0x000002a29b48dcd0, 0x000002a29b48e790, 0x000002a2b24628f0, 0x000002a2b24631b0,
0x000002a2b302a6f0, 0x000002a2b302fbf0, 0x000002a2b312eaf0, 0x000002a2b3147cf0,
0x000002a2b3b31440, 0x000002a2b4661b30
}

Java Threads: ( => current thread )
=>0x000002a29b3bd9e0 JavaThread "main" [_thread_in_vm, id=7768, stack(0x000000ad06400000,0x000000ad06500000)]
  0x000002a2b243c4a0 JavaThread "Reference Handler" daemon [_thread_blocked, id=4744, stack(0x000000ad06b00000,0x000000ad06c00000)]
  0x000002a2b24401f0 JavaThread "Finalizer" daemon [_thread_blocked, id=6580, stack(0x000000ad06c00000,0x000000ad06d00000)]
  0x000002a29b48c400 JavaThread "Signal Dispatcher" daemon [_thread_blocked, id=10788, stack(0x000000ad06d00000,0x000000ad06e00000)]
  0x000002a29b48dcd0 JavaThread "Attach Listener" daemon [_thread_blocked, id=10956, stack(0x000000ad06e00000,0x000000ad06f00000)]
  0x000002a29b48e790 JavaThread "Service Thread" daemon [_thread_blocked, id=10964, stack(0x000000ad06f00000,0x000000ad07000000)]
  0x000002a2b24628f0 JavaThread "Monitor Deflation Thread" daemon [_thread_blocked, id=10952, stack(0x000000ad07000000,0x000000ad07100000)]
  0x000002a2b24631b0 JavaThread "C2 CompilerThread0" daemon [_thread_in_native, id=10900, stack(0x000000ad07100000,0x000000ad07200000)]
  0x000002a2b302a6f0 JavaThread "C1 CompilerThread0" daemon [_thread_blocked, id=10908, stack(0x000000ad07200000,0x000000ad07300000)]
  0x000002a2b302fbf0 JavaThread "Sweeper thread" daemon [_thread_blocked, id=10968, stack(0x000000ad07300000,0x000000ad07400000)]
  0x000002a2b312eaf0 JavaThread "Notification Thread" daemon [_thread_blocked, id=10120, stack(0x000000ad07400000,0x000000ad07500000)]
  0x000002a2b3147cf0 JavaThread "Common-Cleaner" daemon [_thread_blocked, id=10244, stack(0x000000ad07600000,0x000000ad07700000)]
  0x000002a2b3b31440 JavaThread "Abandoned connection cleanup thread" daemon [_thread_blocked, id=9236, stack(0x000000ad07900000,0x000000ad07a00000)]
  0x000002a2b4661b30 JavaThread "pool-1-thread-1" [_thread_blocked, id=3812, stack(0x000000ad07e00000,0x000000ad07f00000)]

Other Threads:
  0x000002a2b2457410 VMThread "VM Thread" [stack: 0x000000ad06a00000,0x000000ad06b00000] [id=108]
  0x000002a2b3135c00 WatcherThread [stack: 0x000000ad07500000,0x000000ad07600000] [id=8536]
  0x000002a29b3efa60 GCTaskThread "GC Thread#0" [stack: 0x000000ad06500000,0x000000ad06600000] [id=2092]
  0x000002a2b31c2870 GCTaskThread "GC Thread#1" [stack: 0x000000ad07700000,0x000000ad07800000] [id=8308]
  0x000002a2b4427040 GCTaskThread "GC Thread#2" [stack: 0x000000ad07a00000,0x000000ad07b00000] [id=5392]
  0x000002a2b44272f0 GCTaskThread "GC Thread#3" [stack: 0x000000ad07b00000,0x000000ad07c00000] [id=3168]
  0x000002a29b3f8630 ConcurrentGCThread "G1 Main Marker" [stack: 0x000000ad06600000,0x000000ad06700000] [id=10764]
  0x000002a29b3fac60 ConcurrentGCThread "G1 Conc#0" [stack: 0x000000ad06700000,0x000000ad06800000] [id=9528]
  0x000002a29b445dc0 ConcurrentGCThread "G1 Refine#0" [stack: 0x000000ad06800000,0x000000ad06900000] [id=5728]
  0x000002a29b448be0 ConcurrentGCThread "G1 Service" [stack: 0x000000ad06900000,0x000000ad06a00000] [id=10916]

Threads with active compile tasks:
C2 CompilerThread0    10098 2015   !   4       jdk.internal.loader.BuiltinClassLoader::loadClassOrNull (143 bytes)

VM state: not at safepoint (normal execution)

VM Mutex/Monitor currently owned by a thread:  ([mutex/lock_event])
[0x000002a29b3b8c50] Metaspace_lock - owner thread: 0x000002a29b3bd9e0

Heap address: 0x00000000c1400000, size: 1004 MB, Compressed Oops mode: 32-bit

CDS archive(s) not mapped
Compressed class space mapped at: 0x0000000100000000-0x0000000140000000, reserved size: 1073741824
Narrow klass base: 0x0000000000000000, Narrow klass shift: 3, Narrow klass range: 0x140000000

GC Precious Log:
 CPUs: 4 total, 4 available
 Memory: 4010M
 Large Page Support: Disabled
 NUMA Support: Disabled
 Compressed Oops: Enabled (32-bit)
 Heap Region Size: 1M
 Heap Min Capacity: 8M
 Heap Initial Capacity: 64M
 Heap Max Capacity: 1004M
 Pre-touch: Disabled
 Parallel Workers: 4
 Concurrent Workers: 1
 Concurrent Refinement Workers: 4
 Periodic GC: Disabled

Heap:
 garbage-first heap   total 28672K, used 16659K [0x00000000c1400000, 0x0000000100000000)
  region size 1024K, 10 young (10240K), 2 survivors (2048K)
 Metaspace       used 33074K, committed 33280K, reserved 1081344K
  class space    used 3976K, committed 4032K, reserved 1048576K

Heap Regions: E=young(eden), S=young(survivor), O=old, HS=humongous(starts), HC=humongous(continues), CS=collection set, F=free, OA=open archive, CA=closed archive, TAMS=top-at-mark-start (previous, next)
|   0|0x00000000c1400000, 0x00000000c1500000, 0x00000000c1500000|100%|HS|  |TAMS 0x00000000c1500000, 0x00000000c1400000| Complete 
|   1|0x00000000c1500000, 0x00000000c1600000, 0x00000000c1600000|100%| O|  |TAMS 0x00000000c1500000, 0x00000000c1500000| Untracked 
|   2|0x00000000c1600000, 0x00000000c1700000, 0x00000000c1700000|100%| O|  |TAMS 0x00000000c1600000, 0x00000000c1600000| Untracked 
|   3|0x00000000c1700000, 0x00000000c1700000, 0x00000000c1800000|  0%| F|  |TAMS 0x00000000c1700000, 0x00000000c1700000| Untracked 
|   4|0x00000000c1800000, 0x00000000c1800000, 0x00000000c1900000|  0%| F|  |TAMS 0x00000000c1800000, 0x00000000c1800000| Untracked 
|   5|0x00000000c1900000, 0x00000000c1a00000, 0x00000000c1a00000|100%| O|  |TAMS 0x00000000c1900000, 0x00000000c1900000| Untracked 
|   6|0x00000000c1a00000, 0x00000000c1ae8c00, 0x00000000c1b00000| 90%| O|  |TAMS 0x00000000c1a00000, 0x00000000c1a00000| Untracked 
|   7|0x00000000c1b00000, 0x00000000c1b00000, 0x00000000c1c00000|  0%| F|  |TAMS 0x00000000c1b00000, 0x00000000c1b00000| Untracked 
|   8|0x00000000c1c00000, 0x00000000c1c00000, 0x00000000c1d00000|  0%| F|  |TAMS 0x00000000c1c00000, 0x00000000c1c00000| Untracked 
|   9|0x00000000c1d00000, 0x00000000c1d00000, 0x00000000c1e00000|  0%| F|  |TAMS 0x00000000c1d00000, 0x00000000c1d00000| Untracked 
|  10|0x00000000c1e00000, 0x00000000c1e00000, 0x00000000c1f00000|  0%| F|  |TAMS 0x00000000c1e00000, 0x00000000c1e00000| Untracked 
|  11|0x00000000c1f00000, 0x00000000c1f5c310, 0x00000000c2000000| 36%| S|CS|TAMS 0x00000000c1f00000, 0x00000000c1f00000| Complete 
|  12|0x00000000c2000000, 0x00000000c2100000, 0x00000000c2100000|100%| S|CS|TAMS 0x00000000c2000000, 0x00000000c2000000| Complete 
|  13|0x00000000c2100000, 0x00000000c2100000, 0x00000000c2200000|  0%| F|  |TAMS 0x00000000c2100000, 0x00000000c2100000| Untracked 
|  14|0x00000000c2200000, 0x00000000c2200000, 0x00000000c2300000|  0%| F|  |TAMS 0x00000000c2200000, 0x00000000c2200000| Untracked 
|  15|0x00000000c2300000, 0x00000000c2300000, 0x00000000c2400000|  0%| F|  |TAMS 0x00000000c2300000, 0x00000000c2300000| Untracked 
|  16|0x00000000c2400000, 0x00000000c2400000, 0x00000000c2500000|  0%| F|  |TAMS 0x00000000c2400000, 0x00000000c2400000| Untracked 
|  17|0x00000000c2500000, 0x00000000c259ac00, 0x00000000c2600000| 60%| E|  |TAMS 0x00000000c2500000, 0x00000000c2500000| Complete 
|  18|0x00000000c2600000, 0x00000000c2700000, 0x00000000c2700000|100%| E|CS|TAMS 0x00000000c2600000, 0x00000000c2600000| Complete 
|  26|0x00000000c2e00000, 0x00000000c2f00000, 0x00000000c2f00000|100%| E|CS|TAMS 0x00000000c2e00000, 0x00000000c2e00000| Complete 
|  27|0x00000000c2f00000, 0x00000000c3000000, 0x00000000c3000000|100%| E|CS|TAMS 0x00000000c2f00000, 0x00000000c2f00000| Complete 
|  28|0x00000000c3000000, 0x00000000c3100000, 0x00000000c3100000|100%| E|CS|TAMS 0x00000000c3000000, 0x00000000c3000000| Complete 
|  29|0x00000000c3100000, 0x00000000c3200000, 0x00000000c3200000|100%| E|CS|TAMS 0x00000000c3100000, 0x00000000c3100000| Complete 
|  30|0x00000000c3200000, 0x00000000c3300000, 0x00000000c3300000|100%| E|CS|TAMS 0x00000000c3200000, 0x00000000c3200000| Complete 
|  63|0x00000000c5300000, 0x00000000c5400000, 0x00000000c5400000|100%| E|CS|TAMS 0x00000000c5300000, 0x00000000c5300000| Complete 
|1001|0x00000000ffd00000, 0x00000000ffe00000, 0x00000000ffe00000|100%| O|  |TAMS 0x00000000ffd00000, 0x00000000ffd00000| Untracked 
|1002|0x00000000ffe00000, 0x00000000fff00000, 0x00000000fff00000|100%| O|  |TAMS 0x00000000ffe00000, 0x00000000ffe00000| Untracked 
|1003|0x00000000fff00000, 0x0000000100000000, 0x0000000100000000|100%| O|  |TAMS 0x00000000fff00000, 0x00000000fff00000| Untracked 

Card table byte_map: [0x000002a2adc60000,0x000002a2ade60000] _byte_map_base: 0x000002a2ad656000

Marking Bits (Prev, Next): (CMBitMap*) 0x000002a29b3effc0, (CMBitMap*) 0x000002a29b3eff80
 Prev Bits: [0x000002a2af010000, 0x000002a2affc0000)
 Next Bits: [0x000002a2ae060000, 0x000002a2af010000)

Polling page: 0x000002a2992a0000

Metaspace:

Usage:
  Non-class:     28.42 MB used.
      Class:      3.88 MB used.
       Both:     32.30 MB used.

Virtual space:
  Non-class space:       32.00 MB reserved,      28.56 MB ( 89%) committed,  4 nodes.
      Class space:        1.00 GB reserved,       3.94 MB ( <1%) committed,  1 nodes.
             Both:        1.03 GB reserved,      32.50 MB (  3%) committed. 

Chunk freelists:
   Non-Class:  2.84 MB
       Class:  3.98 MB
        Both:  6.83 MB

MaxMetaspaceSize: unlimited
CompressedClassSpaceSize: 1.00 GB
Initial GC threshold: 21.00 MB
Current GC threshold: 35.25 MB
CDS: off
MetaspaceReclaimPolicy: balanced
 - commit_granule_bytes: 65536.
 - commit_granule_words: 8192.
 - virtual_space_node_default_size: 1048576.
 - enlarge_chunks_in_place: 1.
 - new_chunks_are_fully_committed: 0.
 - uncommit_free_chunks: 1.
 - use_allocation_guard: 0.
 - handle_deallocations: 1.


Internal statistics:

num_allocs_failed_limit: 3.
num_arena_births: 128.
num_arena_deaths: 0.
num_vsnodes_births: 5.
num_vsnodes_deaths: 0.
num_space_committed: 520.
num_space_uncommitted: 0.
num_chunks_returned_to_freelist: 3.
num_chunks_taken_from_freelist: 706.
num_chunk_merges: 3.
num_chunk_splits: 511.
num_chunks_enlarged: 399.
num_purges: 0.
num_inconsistent_stats: 0.

CodeHeap 'non-profiled nmethods': size=120000Kb used=768Kb max_used=768Kb free=119231Kb
 bounds [0x000002a2a6530000, 0x000002a2a67a0000, 0x000002a2ada60000]
CodeHeap 'profiled nmethods': size=120000Kb used=3747Kb max_used=3747Kb free=116253Kb
 bounds [0x000002a29f000000, 0x000002a29f3b0000, 0x000002a2a6530000]
CodeHeap 'non-nmethods': size=5760Kb used=1265Kb max_used=1291Kb free=4494Kb
 bounds [0x000002a29ea60000, 0x000002a29ecd0000, 0x000002a29f000000]
 total_blobs=2592 nmethods=2014 adapters=491
 compilation: enabled
              stopped_count=0, restarted_count=0
 full_count=0

Compilation events (20 events):
Event: 9.470 Thread 0x000002a2b24631b0 nmethod 2008 0x000002a2a65ee190 code [0x000002a2a65ee320, 0x000002a2a65ee438]
Event: 9.480 Thread 0x000002a2b302a6f0 2009       3       java.lang.NamedPackage::<init> (59 bytes)
Event: 9.483 Thread 0x000002a2b302a6f0 nmethod 2009 0x000002a29f3a6310 code [0x000002a29f3a65a0, 0x000002a29f3a7098]
Event: 9.490 Thread 0x000002a2b302a6f0 2010       3       java.util.Collections::emptyMap (4 bytes)
Event: 9.490 Thread 0x000002a2b302a6f0 nmethod 2010 0x000002a29f3a7490 code [0x000002a29f3a7620, 0x000002a29f3a7718]
Event: 9.558 Thread 0x000002a2b302a6f0 2011       3       java.util.logging.LogManager$LogNode::<init> (15 bytes)
Event: 9.559 Thread 0x000002a2b302a6f0 nmethod 2011 0x000002a29f3a7790 code [0x000002a29f3a7940, 0x000002a29f3a7b58]
Event: 9.577 Thread 0x000002a2b302a6f0 2012       1       org.hibernate.service.spi.ServiceBinding::getService (5 bytes)
Event: 9.577 Thread 0x000002a2b302a6f0 nmethod 2012 0x000002a2a65ee510 code [0x000002a2a65ee6a0, 0x000002a2a65ee778]
Event: 9.669 Thread 0x000002a2b24631b0 2013       4       java.lang.ClassLoader::getClassLoadingLock (35 bytes)
Event: 9.674 Thread 0x000002a2b24631b0 nmethod 2013 0x000002a2a65ee810 code [0x000002a2a65ee9a0, 0x000002a2a65eeac8]
Event: 9.674 Thread 0x000002a2b24631b0 2014       4       jdk.internal.loader.BuiltinClassLoader::findLoadedModule (33 bytes)
Event: 9.695 Thread 0x000002a2b302a6f0 2016       3       java.lang.reflect.Method::getParameterCount (6 bytes)
Event: 9.696 Thread 0x000002a2b302a6f0 nmethod 2016 0x000002a29f3a7c10 code [0x000002a29f3a7da0, 0x000002a29f3a7eb8]
Event: 9.696 Thread 0x000002a2b302a6f0 2017       1       java.lang.reflect.Field::getType (5 bytes)
Event: 9.696 Thread 0x000002a2b302a6f0 nmethod 2017 0x000002a2a65eec10 code [0x000002a2a65eeda0, 0x000002a2a65eee78]
Event: 9.696 Thread 0x000002a2b302a6f0 2018       3       java.lang.Class::privateGetDeclaredMethods (64 bytes)
Event: 9.698 Thread 0x000002a2b302a6f0 nmethod 2018 0x000002a29f3a7f90 code [0x000002a29f3a81c0, 0x000002a29f3a8998]
Event: 9.745 Thread 0x000002a2b24631b0 nmethod 2014 0x000002a2a65eef10 code [0x000002a2a65ef0e0, 0x000002a2a65efc58]
Event: 9.746 Thread 0x000002a2b24631b0 2015   !   4       jdk.internal.loader.BuiltinClassLoader::loadClassOrNull (143 bytes)

GC Heap History (10 events):
Event: 0.945 GC heap before
{Heap before GC invocations=0 (full 0):
 garbage-first heap   total 65536K, used 13312K [0x00000000c1400000, 0x0000000100000000)
  region size 1024K, 13 young (13312K), 0 survivors (0K)
 Metaspace       used 5364K, committed 5504K, reserved 1056768K
  class space    used 465K, committed 512K, reserved 1048576K
}
Event: 0.952 GC heap after
{Heap after GC invocations=1 (full 0):
 garbage-first heap   total 65536K, used 2692K [0x00000000c1400000, 0x0000000100000000)
  region size 1024K, 2 young (2048K), 2 survivors (2048K)
 Metaspace       used 5364K, committed 5504K, reserved 1056768K
  class space    used 465K, committed 512K, reserved 1048576K
}
Event: 0.979 GC heap before
{Heap before GC invocations=1 (full 0):
 garbage-first heap   total 65536K, used 20100K [0x00000000c1400000, 0x0000000100000000)
  region size 1024K, 20 young (20480K), 2 survivors (2048K)
 Metaspace       used 5364K, committed 5504K, reserved 1056768K
  class space    used 465K, committed 512K, reserved 1048576K
}
Event: 0.986 GC heap after
{Heap after GC invocations=2 (full 0):
 garbage-first heap   total 65536K, used 2771K [0x00000000c1400000, 0x0000000100000000)
  region size 1024K, 2 young (2048K), 2 survivors (2048K)
 Metaspace       used 5364K, committed 5504K, reserved 1056768K
  class space    used 465K, committed 512K, reserved 1048576K
}
Event: 4.759 GC heap before
{Heap before GC invocations=2 (full 0):
 garbage-first heap   total 65536K, used 32467K [0x00000000c1400000, 0x0000000100000000)
  region size 1024K, 33 young (33792K), 2 survivors (2048K)
 Metaspace       used 21313K, committed 21504K, reserved 1073152K
  class space    used 2430K, committed 2560K, reserved 1048576K
}
Event: 4.784 GC heap after
{Heap after GC invocations=3 (full 0):
 garbage-first heap   total 65536K, used 5925K [0x00000000c1400000, 0x0000000100000000)
  region size 1024K, 5 young (5120K), 5 survivors (5120K)
 Metaspace       used 21313K, committed 21504K, reserved 1073152K
  class space    used 2430K, committed 2560K, reserved 1048576K
}
Event: 6.347 GC heap before
{Heap before GC invocations=4 (full 0):
 garbage-first heap   total 24576K, used 19237K [0x00000000c1400000, 0x0000000100000000)
  region size 1024K, 19 young (19456K), 5 survivors (5120K)
 Metaspace       used 27523K, committed 27712K, reserved 1073152K
  class space    used 3164K, committed 3264K, reserved 1048576K
}
Event: 6.390 GC heap after
{Heap after GC invocations=5 (full 0):
 garbage-first heap   total 28672K, used 8499K [0x00000000c1400000, 0x0000000100000000)
  region size 1024K, 3 young (3072K), 3 survivors (3072K)
 Metaspace       used 27523K, committed 27712K, reserved 1073152K
  class space    used 3164K, committed 3264K, reserved 1048576K
}
Event: 8.784 GC heap before
{Heap before GC invocations=5 (full 0):
 garbage-first heap   total 28672K, used 19763K [0x00000000c1400000, 0x0000000100000000)
  region size 1024K, 14 young (14336K), 3 survivors (3072K)
 Metaspace       used 30863K, committed 31040K, reserved 1081344K
  class space    used 3638K, committed 3712K, reserved 1048576K
}
Event: 8.794 GC heap after
{Heap after GC invocations=6 (full 0):
 garbage-first heap   total 28672K, used 9491K [0x00000000c1400000, 0x0000000100000000)
  region size 1024K, 2 young (2048K), 2 survivors (2048K)
 Metaspace       used 30863K, committed 31040K, reserved 1081344K
  class space    used 3638K, committed 3712K, reserved 1048576K
}

Deoptimization events (20 events):
Event: 7.468 Thread 0x000002a29b3bd9e0 Uncommon trap: trap_request=0xffffffc6 fr.pc=0x000002a2a65d1e2c relative=0x000000000000062c
Event: 7.468 Thread 0x000002a29b3bd9e0 Uncommon trap: reason=bimorphic_or_optimized_type_check action=maybe_recompile pc=0x000002a2a65d1e2c method=java.util.regex.Pattern$Start.match(Ljava/util/regex/Matcher;ILjava/lang/CharSequence;)Z @ 44 c2
Event: 7.468 Thread 0x000002a29b3bd9e0 DEOPT PACKING pc=0x000002a2a65d1e2c sp=0x000000ad064fdbb0
Event: 7.468 Thread 0x000002a29b3bd9e0 DEOPT UNPACKING pc=0x000002a29eab239d sp=0x000000ad064fdae0 mode 2
Event: 7.476 Thread 0x000002a29b3bd9e0 Uncommon trap: trap_request=0xffffffc6 fr.pc=0x000002a2a65d1e2c relative=0x000000000000062c
Event: 7.476 Thread 0x000002a29b3bd9e0 Uncommon trap: reason=bimorphic_or_optimized_type_check action=maybe_recompile pc=0x000002a2a65d1e2c method=java.util.regex.Pattern$Start.match(Ljava/util/regex/Matcher;ILjava/lang/CharSequence;)Z @ 44 c2
Event: 7.476 Thread 0x000002a29b3bd9e0 DEOPT PACKING pc=0x000002a2a65d1e2c sp=0x000000ad064fdbb0
Event: 7.476 Thread 0x000002a29b3bd9e0 DEOPT UNPACKING pc=0x000002a29eab239d sp=0x000000ad064fdae0 mode 2
Event: 7.476 Thread 0x000002a29b3bd9e0 Uncommon trap: trap_request=0xffffffc6 fr.pc=0x000002a2a65d1e2c relative=0x000000000000062c
Event: 7.476 Thread 0x000002a29b3bd9e0 Uncommon trap: reason=bimorphic_or_optimized_type_check action=maybe_recompile pc=0x000002a2a65d1e2c method=java.util.regex.Pattern$Start.match(Ljava/util/regex/Matcher;ILjava/lang/CharSequence;)Z @ 44 c2
Event: 7.476 Thread 0x000002a29b3bd9e0 DEOPT PACKING pc=0x000002a2a65d1e2c sp=0x000000ad064fdbb0
Event: 7.476 Thread 0x000002a29b3bd9e0 DEOPT UNPACKING pc=0x000002a29eab239d sp=0x000000ad064fdae0 mode 2
Event: 8.187 Thread 0x000002a29b3bd9e0 Uncommon trap: trap_request=0xffffffde fr.pc=0x000002a2a65c18ec relative=0x000000000000098c
Event: 8.187 Thread 0x000002a29b3bd9e0 Uncommon trap: reason=class_check action=maybe_recompile pc=0x000002a2a65c18ec method=java.util.TreeMap.getEntry(Ljava/lang/Object;)Ljava/util/TreeMap$Entry; @ 19 c2
Event: 8.187 Thread 0x000002a29b3bd9e0 DEOPT PACKING pc=0x000002a2a65c18ec sp=0x000000ad064fe110
Event: 8.187 Thread 0x000002a29b3bd9e0 DEOPT UNPACKING pc=0x000002a29eab239d sp=0x000000ad064fe0b8 mode 2
Event: 8.187 Thread 0x000002a29b3bd9e0 Uncommon trap: trap_request=0xffffffde fr.pc=0x000002a2a65c18ec relative=0x000000000000098c
Event: 8.187 Thread 0x000002a29b3bd9e0 Uncommon trap: reason=class_check action=maybe_recompile pc=0x000002a2a65c18ec method=java.util.TreeMap.getEntry(Ljava/lang/Object;)Ljava/util/TreeMap$Entry; @ 19 c2
Event: 8.187 Thread 0x000002a29b3bd9e0 DEOPT PACKING pc=0x000002a2a65c18ec sp=0x000000ad064fe0f0
Event: 8.187 Thread 0x000002a29b3bd9e0 DEOPT UNPACKING pc=0x000002a29eab239d sp=0x000000ad064fe098 mode 2

Classes unloaded (0 events):
No events

Classes redefined (0 events):
No events

Internal exceptions (20 events):
Event: 1.215 Thread 0x000002a29b3bd9e0 Exception <a 'java/lang/NoSuchMethodError'{0x00000000c4e26bf8}: 'java.lang.Object java.lang.invoke.DirectMethodHandle$Holder.invokeStatic(java.lang.Object, java.lang.Object, int)'> (0x00000000c4e26bf8) 
thrown [e:\jenkins\tmp\workspace\build\src\src\hotspot\share\interpreter\linkResolver.cpp, line 766]
Event: 1.221 Thread 0x000002a29b3bd9e0 Exception <a 'java/lang/NoSuchMethodError'{0x00000000c4e32d58}: 'void java.lang.invoke.DelegatingMethodHandle$Holder.delegate(java.lang.Object, java.lang.Object, int, java.lang.Object)'> (0x00000000c4e32d58) 
thrown [e:\jenkins\tmp\workspace\build\src\src\hotspot\share\interpreter\linkResolver.cpp, line 766]
Event: 1.223 Thread 0x000002a29b3bd9e0 Exception <a 'java/lang/NoSuchMethodError'{0x00000000c4e36f98}: 'int java.lang.invoke.DirectMethodHandle$Holder.invokeSpecial(java.lang.Object, java.lang.Object, java.lang.Object)'> (0x00000000c4e36f98) 
thrown [e:\jenkins\tmp\workspace\build\src\src\hotspot\share\interpreter\linkResolver.cpp, line 766]
Event: 1.722 Thread 0x000002a29b3bd9e0 Exception <a 'java/lang/ClassNotFoundException'{0x00000000c4ce47f8}: com/sun/org/apache/xerces/internal/impl/xpath/regex/spi/messageProvider> (0x00000000c4ce47f8) 
thrown [e:\jenkins\tmp\workspace\build\src\src\hotspot\share\classfile\systemDictionary.cpp, line 256]
Event: 3.535 Thread 0x000002a29b3bd9e0 Exception <a 'java/lang/NoSuchMethodError'{0x00000000c3c182d0}: 'java.lang.Object java.lang.invoke.DirectMethodHandle$Holder.invokeStaticInit(java.lang.Object, int, int, int, int)'> (0x00000000c3c182d0) 
thrown [e:\jenkins\tmp\workspace\build\src\src\hotspot\share\interpreter\linkResolver.cpp, line 766]
Event: 3.699 Thread 0x000002a29b3bd9e0 Exception <a 'java/lang/NoSuchMethodError'{0x00000000c3c50b38}: 'java.lang.Object java.lang.invoke.DirectMethodHandle$Holder.invokeStaticInit(java.lang.Object, java.lang.Object, int, int, int, int)'> (0x00000000c3c50b38) 
thrown [e:\jenkins\tmp\workspace\build\src\src\hotspot\share\interpreter\linkResolver.cpp, line 766]
Event: 4.097 Thread 0x000002a29b3bd9e0 Exception <a 'java/lang/NoSuchMethodError'{0x00000000c394c418}: 'java.lang.Object java.lang.invoke.Invokers$Holder.invokeExact_MT(java.lang.Object, java.lang.Object, java.lang.Object, java.lang.Object, java.lang.Object, java.lang.Object)'> (0x00000000c394c418) 
thrown [e:\jenkins\tmp\workspace\build\src\src\hotspot\share\interpreter\linkResolver.cpp, line 766]
Event: 4.531 Thread 0x000002a29b3bd9e0 Exception <a 'java/lang/NoSuchMethodError'{0x00000000c3580e50}: 'java.lang.Object java.lang.invoke.DirectMethodHandle$Holder.invokeStaticInit(java.lang.Object)'> (0x00000000c3580e50) 
thrown [e:\jenkins\tmp\workspace\build\src\src\hotspot\share\interpreter\linkResolver.cpp, line 766]
Event: 4.536 Thread 0x000002a29b3bd9e0 Exception <a 'java/lang/NoSuchMethodError'{0x00000000c3587518}: 'java.lang.Object java.lang.invoke.DirectMethodHandle$Holder.invokeInterface(java.lang.Object, java.lang.Object)'> (0x00000000c3587518) 
thrown [e:\jenkins\tmp\workspace\build\src\src\hotspot\share\interpreter\linkResolver.cpp, line 766]
Event: 4.591 Thread 0x000002a29b3bd9e0 Exception <a 'java/lang/NoSuchMethodError'{0x00000000c35ec1c8}: 'void java.lang.invoke.DirectMethodHandle$Holder.invokeSpecial(java.lang.Object, java.lang.Object, java.lang.Object)'> (0x00000000c35ec1c8) 
thrown [e:\jenkins\tmp\workspace\build\src\src\hotspot\share\interpreter\linkResolver.cpp, line 766]
Event: 4.594 Thread 0x000002a29b3bd9e0 Exception <a 'java/lang/NoSuchMethodError'{0x00000000c35f2be0}: 'void java.lang.invoke.DirectMethodHandle$Holder.invokeStatic(java.lang.Object, java.lang.Object, java.lang.Object)'> (0x00000000c35f2be0) 
thrown [e:\jenkins\tmp\workspace\build\src\src\hotspot\share\interpreter\linkResolver.cpp, line 766]
Event: 4.609 Thread 0x000002a29b3bd9e0 Exception <a 'java/lang/NoSuchMethodError'{0x00000000c3414ce0}: 'java.lang.Object java.lang.invoke.DirectMethodHandle$Holder.invokeVirtual(java.lang.Object, java.lang.Object, java.lang.Object)'> (0x00000000c3414ce0) 
thrown [e:\jenkins\tmp\workspace\build\src\src\hotspot\share\interpreter\linkResolver.cpp, line 766]
Event: 4.948 Thread 0x000002a29b3bd9e0 Exception <a 'java/lang/NoSuchMethodError'{0x00000000c2530c70}: 'void java.lang.invoke.DirectMethodHandle$Holder.invokeStatic(java.lang.Object, java.lang.Object)'> (0x00000000c2530c70) 
thrown [e:\jenkins\tmp\workspace\build\src\src\hotspot\share\interpreter\linkResolver.cpp, line 766]
Event: 5.602 Thread 0x000002a29b3bd9e0 Exception <a 'sun/nio/fs/WindowsException'{0x00000000c1d5c7a0}> (0x00000000c1d5c7a0) 
thrown [e:\jenkins\tmp\workspace\build\src\src\hotspot\share\prims\jni.cpp, line 516]
Event: 5.646 Thread 0x000002a29b3bd9e0 Exception <a 'java/lang/NoSuchMethodError'{0x00000000c1d819f0}: 'int java.lang.invoke.DirectMethodHandle$Holder.invokeStaticInit(java.lang.Object, java.lang.Object, java.lang.Object, java.lang.Object)'> (0x00000000c1d819f0) 
thrown [e:\jenkins\tmp\workspace\build\src\src\hotspot\share\interpreter\linkResolver.cpp, line 766]
Event: 5.651 Thread 0x000002a29b3bd9e0 Exception <a 'java/lang/IncompatibleClassChangeError'{0x00000000c1d8aef8}: Found class java.lang.Object, but interface was expected> (0x00000000c1d8aef8) 
thrown [e:\jenkins\tmp\workspace\build\src\src\hotspot\share\interpreter\linkResolver.cpp, line 833]
Event: 5.653 Thread 0x000002a29b3bd9e0 Exception <a 'java/lang/NoSuchMethodError'{0x00000000c1d8e098}: 'void java.lang.invoke.DirectMethodHandle$Holder.invokeStaticInit(java.lang.Object, java.lang.Object)'> (0x00000000c1d8e098) 
thrown [e:\jenkins\tmp\workspace\build\src\src\hotspot\share\interpreter\linkResolver.cpp, line 766]
Event: 5.656 Thread 0x000002a29b3bd9e0 Exception <a 'java/lang/NoSuchMethodError'{0x00000000c1d940e0}: 'int java.lang.invoke.DirectMethodHandle$Holder.invokeStaticInit(java.lang.Object, java.lang.Object)'> (0x00000000c1d940e0) 
thrown [e:\jenkins\tmp\workspace\build\src\src\hotspot\share\interpreter\linkResolver.cpp, line 766]
Event: 8.481 Thread 0x000002a29b3bd9e0 Exception <a 'java/lang/NoSuchMethodError'{0x00000000c23f5d50}: 'java.lang.Object java.lang.invoke.DirectMethodHandle$Holder.newInvokeSpecial(java.lang.Object, java.lang.Object, java.lang.Object, java.lang.Object, java.lang.Object)'> (0x00000000c23f5d50) 
thrown [e:\jenkins\tmp\workspace\build\src\src\hotspot\share\interpreter\linkResolver.cpp, line 766]
Event: 9.414 Thread 0x000002a29b3bd9e0 Exception <a 'java/lang/NoSuchMethodError'{0x00000000c3044a48}: 'void java.lang.invoke.DirectMethodHandle$Holder.invokeSpecial(java.lang.Object, java.lang.Object, java.lang.Object, java.lang.Object, java.lang.Object)'> (0x00000000c3044a48) 
thrown [e:\jenkins\tmp\workspace\build\src\src\hotspot\share\interpreter\linkResolver.cpp, line 766]

VM Operations (20 events):
Event: 4.758 Executing VM operation: CollectForMetadataAllocation
Event: 4.785 Executing VM operation: CollectForMetadataAllocation done
Event: 4.793 Executing VM operation: G1Concurrent
Event: 4.800 Executing VM operation: G1Concurrent done
Event: 4.800 Executing VM operation: G1Concurrent
Event: 4.810 Executing VM operation: G1Concurrent done
Event: 5.106 Executing VM operation: HandshakeAllThreads
Event: 5.106 Executing VM operation: HandshakeAllThreads done
Event: 5.315 Executing VM operation: HandshakeAllThreads
Event: 5.315 Executing VM operation: HandshakeAllThreads done
Event: 5.629 Executing VM operation: HandshakeAllThreads
Event: 5.629 Executing VM operation: HandshakeAllThreads done
Event: 6.347 Executing VM operation: G1CollectForAllocation
Event: 6.390 Executing VM operation: G1CollectForAllocation done
Event: 8.390 Executing VM operation: Cleanup
Event: 8.390 Executing VM operation: Cleanup done
Event: 8.784 Executing VM operation: G1CollectForAllocation
Event: 8.794 Executing VM operation: G1CollectForAllocation done
Event: 9.794 Executing VM operation: Cleanup
Event: 9.795 Executing VM operation: Cleanup done

Events (20 events):
Event: 8.880 loading class jdk/internal/reflect/UnsafeQualifiedStaticFieldAccessorImpl
Event: 8.880 loading class jdk/internal/reflect/UnsafeQualifiedStaticFieldAccessorImpl done
Event: 8.880 loading class jdk/internal/reflect/UnsafeQualifiedStaticObjectFieldAccessorImpl done
Event: 9.174 loading class java/lang/SafeVarargs
Event: 9.174 loading class java/lang/SafeVarargs done
Event: 9.410 loading class java/util/HashMap$ValueSpliterator
Event: 9.411 loading class java/util/HashMap$ValueSpliterator done
Event: 9.471 loading class java/util/concurrent/CopyOnWriteArraySet
Event: 9.472 loading class java/util/concurrent/CopyOnWriteArraySet done
Event: 9.616 loading class java/beans/Introspector
Event: 9.619 loading class java/beans/Introspector done
Event: 9.619 loading class java/beans/EventSetDescriptor
Event: 9.620 loading class java/beans/FeatureDescriptor
Event: 9.621 loading class java/beans/FeatureDescriptor done
Event: 9.621 loading class java/beans/EventSetDescriptor done
Event: 9.621 loading class java/beans/Introspector$1
Event: 9.621 loading class jdk/internal/access/JavaBeansAccess
Event: 9.621 loading class jdk/internal/access/JavaBeansAccess done
Event: 9.621 loading class java/beans/Introspector$1 done
Event: 9.896 Loaded shared library C:\Users\Shreyas\.p2\pool\plugins\org.eclipse.justj.openjdk.hotspot.jre.full.win32.x86_64_17.0.1.v20211116-1657\jre\bin\verify.dll


Dynamic libraries:
0x00007ff630310000 - 0x00007ff63031e000 	C:\Users\Shreyas\.p2\pool\plugins\org.eclipse.justj.openjdk.hotspot.jre.full.win32.x86_64_17.0.1.v20211116-1657\jre\bin\javaw.exe
0x00007ffb162b0000 - 0x00007ffb16490000 	C:\WINDOWS\SYSTEM32\ntdll.dll
0x00007ffb159b0000 - 0x00007ffb15a5e000 	C:\WINDOWS\System32\KERNEL32.DLL
0x00007ffb132f0000 - 0x00007ffb13556000 	C:\WINDOWS\System32\KERNELBASE.dll
0x00007ffb126b0000 - 0x00007ffb127a4000 	C:\WINDOWS\System32\ucrtbase.dll
0x00007ffb0c750000 - 0x00007ffb0c768000 	C:\Users\Shreyas\.p2\pool\plugins\org.eclipse.justj.openjdk.hotspot.jre.full.win32.x86_64_17.0.1.v20211116-1657\jre\bin\jli.dll
0x00007ffb15820000 - 0x00007ffb159af000 	C:\WINDOWS\System32\USER32.dll
0x00007ffb127b0000 - 0x00007ffb127d0000 	C:\WINDOWS\System32\win32u.dll
0x00007ffb156a0000 - 0x00007ffb156c8000 	C:\WINDOWS\System32\GDI32.dll
0x00007ffb13560000 - 0x00007ffb136f3000 	C:\WINDOWS\System32\gdi32full.dll
0x00007ffb12f70000 - 0x00007ffb1300b000 	C:\WINDOWS\System32\msvcp_win.dll
0x00007ffb01bc0000 - 0x00007ffb01e29000 	C:\WINDOWS\WinSxS\amd64_microsoft.windows.common-controls_6595b64144ccf1df_6.0.16299.1087_none_0f9074b65a6589b7\COMCTL32.dll
0x00007ffb13820000 - 0x00007ffb138bd000 	C:\WINDOWS\System32\msvcrt.dll
0x00007ffb15ae0000 - 0x00007ffb15de6000 	C:\WINDOWS\System32\combase.dll
0x00007ffb13eb0000 - 0x00007ffb13fcf000 	C:\WINDOWS\System32\RPCRT4.dll
0x00007ffb13700000 - 0x00007ffb13772000 	C:\WINDOWS\System32\bcryptPrimitives.dll
0x00007ffb0c730000 - 0x00007ffb0c749000 	C:\Users\Shreyas\.p2\pool\plugins\org.eclipse.justj.openjdk.hotspot.jre.full.win32.x86_64_17.0.1.v20211116-1657\jre\bin\VCRUNTIME140.dll
0x00007ffb13e80000 - 0x00007ffb13ead000 	C:\WINDOWS\System32\IMM32.DLL
0x00007ffb0c720000 - 0x00007ffb0c72c000 	C:\Users\Shreyas\.p2\pool\plugins\org.eclipse.justj.openjdk.hotspot.jre.full.win32.x86_64_17.0.1.v20211116-1657\jre\bin\vcruntime140_1.dll
0x00007ffb003d0000 - 0x00007ffb00461000 	C:\Users\Shreyas\.p2\pool\plugins\org.eclipse.justj.openjdk.hotspot.jre.full.win32.x86_64_17.0.1.v20211116-1657\jre\bin\msvcp140.dll
0x00007ffaea570000 - 0x00007ffaeb1b6000 	C:\Users\Shreyas\.p2\pool\plugins\org.eclipse.justj.openjdk.hotspot.jre.full.win32.x86_64_17.0.1.v20211116-1657\jre\bin\server\jvm.dll
0x00007ffb16040000 - 0x00007ffb160e1000 	C:\WINDOWS\System32\ADVAPI32.dll
0x00007ffb16110000 - 0x00007ffb1616b000 	C:\WINDOWS\System32\sechost.dll
0x00007ffb138c0000 - 0x00007ffb138c8000 	C:\WINDOWS\System32\PSAPI.DLL
0x00007ffb112d0000 - 0x00007ffb112d9000 	C:\WINDOWS\SYSTEM32\WSOCK32.dll
0x00007ffb156d0000 - 0x00007ffb1573c000 	C:\WINDOWS\System32\WS2_32.dll
0x00007ffb104c0000 - 0x00007ffb104e3000 	C:\WINDOWS\SYSTEM32\WINMM.dll
0x00007ffb034d0000 - 0x00007ffb034da000 	C:\WINDOWS\SYSTEM32\VERSION.dll
0x00007ffb10490000 - 0x00007ffb104ba000 	C:\WINDOWS\SYSTEM32\WINMMBASE.dll
0x00007ffb127d0000 - 0x00007ffb1281a000 	C:\WINDOWS\System32\cfgmgr32.dll
0x00007ffb12600000 - 0x00007ffb12611000 	C:\WINDOWS\System32\kernel.appcore.dll
0x00007ffb0cd20000 - 0x00007ffb0cd2a000 	C:\Users\Shreyas\.p2\pool\plugins\org.eclipse.justj.openjdk.hotspot.jre.full.win32.x86_64_17.0.1.v20211116-1657\jre\bin\jimage.dll
0x00007ffb110e0000 - 0x00007ffb112a8000 	C:\WINDOWS\SYSTEM32\DBGHELP.DLL
0x00007ffb03700000 - 0x00007ffb03729000 	C:\WINDOWS\SYSTEM32\dbgcore.DLL
0x00007ffb06480000 - 0x00007ffb064a5000 	C:\Users\Shreyas\.p2\pool\plugins\org.eclipse.justj.openjdk.hotspot.jre.full.win32.x86_64_17.0.1.v20211116-1657\jre\bin\java.dll
0x00007ffb09cf0000 - 0x00007ffb09d08000 	C:\Users\Shreyas\.p2\pool\plugins\org.eclipse.justj.openjdk.hotspot.jre.full.win32.x86_64_17.0.1.v20211116-1657\jre\bin\zip.dll
0x00007ffb14200000 - 0x00007ffb15638000 	C:\WINDOWS\System32\SHELL32.dll
0x00007ffb15df0000 - 0x00007ffb15e96000 	C:\WINDOWS\System32\shcore.dll
0x00007ffb12820000 - 0x00007ffb12f67000 	C:\WINDOWS\System32\windows.storage.dll
0x00007ffb13fd0000 - 0x00007ffb14021000 	C:\WINDOWS\System32\shlwapi.dll
0x00007ffb12660000 - 0x00007ffb126ac000 	C:\WINDOWS\System32\powrprof.dll
0x00007ffb12640000 - 0x00007ffb1265b000 	C:\WINDOWS\System32\profapi.dll
0x00007ffb08190000 - 0x00007ffb081a9000 	C:\Users\Shreyas\.p2\pool\plugins\org.eclipse.justj.openjdk.hotspot.jre.full.win32.x86_64_17.0.1.v20211116-1657\jre\bin\net.dll
0x00007ffb0df50000 - 0x00007ffb0e02e000 	C:\WINDOWS\SYSTEM32\WINHTTP.dll
0x00007ffb11e30000 - 0x00007ffb11e96000 	C:\WINDOWS\system32\mswsock.dll
0x00007ffb0acf0000 - 0x00007ffb0ad05000 	C:\Users\Shreyas\.p2\pool\plugins\org.eclipse.justj.openjdk.hotspot.jre.full.win32.x86_64_17.0.1.v20211116-1657\jre\bin\nio.dll
0x00007ffb11ff0000 - 0x00007ffb12007000 	C:\WINDOWS\SYSTEM32\CRYPTSP.dll
0x00007ffb11a30000 - 0x00007ffb11a63000 	C:\WINDOWS\system32\rsaenh.dll
0x00007ffb12100000 - 0x00007ffb12125000 	C:\WINDOWS\SYSTEM32\bcrypt.dll
0x00007ffb12530000 - 0x00007ffb12559000 	C:\WINDOWS\SYSTEM32\USERENV.dll
0x00007ffb12010000 - 0x00007ffb1201b000 	C:\WINDOWS\SYSTEM32\CRYPTBASE.dll
0x00007ffb11bc0000 - 0x00007ffb11bf9000 	C:\WINDOWS\SYSTEM32\IPHLPAPI.DLL
0x00007ffb15810000 - 0x00007ffb15818000 	C:\WINDOWS\System32\NSI.dll
0x00007ffb0a790000 - 0x00007ffb0a7a6000 	C:\WINDOWS\SYSTEM32\dhcpcsvc6.DLL
0x00007ffb0a770000 - 0x00007ffb0a78a000 	C:\WINDOWS\SYSTEM32\dhcpcsvc.DLL
0x00007ffb11c00000 - 0x00007ffb11cb6000 	C:\WINDOWS\SYSTEM32\DNSAPI.dll
0x00007ffb0a760000 - 0x00007ffb0a76a000 	C:\Windows\System32\rasadhlp.dll
0x00007ffb09770000 - 0x00007ffb097e0000 	C:\WINDOWS\System32\fwpuclnt.dll
0x00007ffb0eaf0000 - 0x00007ffb0eafe000 	C:\Users\Shreyas\.p2\pool\plugins\org.eclipse.justj.openjdk.hotspot.jre.full.win32.x86_64_17.0.1.v20211116-1657\jre\bin\sunmscapi.dll
0x00007ffb13120000 - 0x00007ffb132ee000 	C:\WINDOWS\System32\CRYPT32.dll
0x00007ffb12620000 - 0x00007ffb12632000 	C:\WINDOWS\System32\MSASN1.dll
0x00007ffb120d0000 - 0x00007ffb120f6000 	C:\WINDOWS\SYSTEM32\ncrypt.dll
0x00007ffb12090000 - 0x00007ffb120c6000 	C:\WINDOWS\SYSTEM32\NTASN1.dll
0x00007ffb10570000 - 0x00007ffb10580000 	C:\Users\Shreyas\.p2\pool\plugins\org.eclipse.justj.openjdk.hotspot.jre.full.win32.x86_64_17.0.1.v20211116-1657\jre\bin\verify.dll

dbghelp: loaded successfully - version: 4.0.5 - missing functions: none
symbol engine: initialized successfully - sym options: 0x614 - pdb path: .;C:\Users\Shreyas\.p2\pool\plugins\org.eclipse.justj.openjdk.hotspot.jre.full.win32.x86_64_17.0.1.v20211116-1657\jre\bin;C:\WINDOWS\SYSTEM32;C:\WINDOWS\WinSxS\amd64_microsoft.windows.common-controls_6595b64144ccf1df_6.0.16299.1087_none_0f9074b65a6589b7;C:\Users\Shreyas\.p2\pool\plugins\org.eclipse.justj.openjdk.hotspot.jre.full.win32.x86_64_17.0.1.v20211116-1657\jre\bin\server

VM Arguments:
jvm_args: -Dfile.encoding=Cp1252 -XX:+ShowCodeDetailsInExceptionMessages 
java_command: tnsif.c2tc.b09.Client
java_class_path (initial): C:\Users\Shreyas\eclipse-workspace\JPQL_Demo\bin;C:\Users\Shreyas\Downloads\0 Hibernate JAR Files\Hibernate\antlr-2.7.7 - Copy.jar;C:\Users\Shreyas\Downloads\0 Hibernate JAR Files\Hibernate\antlr-2.7.7.jar;C:\Users\Shreyas\Downloads\0 Hibernate JAR Files\Hibernate\byte-buddy-1.8.17.jar;C:\Users\Shreyas\Downloads\0 Hibernate JAR Files\Hibernate\classmate-1.3.4.jar;C:\Users\Shreyas\Downloads\0 Hibernate JAR Files\Hibernate\dom4j-2.1.1.jar;C:\Users\Shreyas\Downloads\0 Hibernate JAR Files\Hibernate\hibernate-commons-annotations-5.0.4.Final.jar;C:\Users\Shreyas\Downloads\0 Hibernate JAR Files\Hibernate\hibernate-core-5.3.7.Final.jar;C:\Users\Shreyas\Downloads\0 Hibernate JAR Files\Hibernate\jandex-2.0.5.Final.jar;C:\Users\Shreyas\Downloads\0 Hibernate JAR Files\Hibernate\javassist-3.23.1-GA.jar;C:\Users\Shreyas\Downloads\0 Hibernate JAR Files\Hibernate\javax.activation-api-1.2.0.jar;C:\Users\Shreyas\Downloads\0 Hibernate JAR Files\Hibernate\javax.persistence-api-2.2.jar;C:\Users\Shreyas\Downloads\0 Hibernate JAR Files\Hibernate\jaxb-api-2.2.jar;C:\Users\Shreyas\Downloads\0 Hibernate JAR Files\Hibernate\jboss-logging-3.3.2.Final.jar;C:\Users\Shreyas\Downloads\0 Hibernate JAR Files\Hibernate\jboss-transaction-api_1.2_spec-1.1.1.Final.jar;C:\Users\Shreyas\Downloads\0 Hibernate JAR Files\Hibernate\jsp-api-2.2.jar;C:\Users\Shreyas\Downloads\0 Hibernate JAR Files\Hibernate\jstl-1.2.jar;C:\Users\Shreyas\Downloads\0 Hibernate JAR Files\Hibernate\mysql-connector-java-8.0.13.jar;C:\Users\Shreyas\Downloads\0 Hibernate JAR Files\Hibernate\protobuf-java-3.6.1.jar;C:\Users\Shreyas\Downloads\0 Hibernate JAR Files\Hibernate\servlet-api-2.5.jar
Launcher Type: SUN_STANDARD

[Global flags]
     intx CICompilerCount                          = 3                                         {product} {ergonomic}
     uint ConcGCThreads                            = 1                                         {product} {ergonomic}
     uint G1ConcRefinementThreads                  = 4                                         {product} {ergonomic}
   size_t G1HeapRegionSize                         = 1048576                                   {product} {ergonomic}
    uintx GCDrainStackTargetSize                   = 64                                        {product} {ergonomic}
   size_t InitialHeapSize                          = 67108864                                  {product} {ergonomic}
   size_t MarkStackSize                            = 4194304                                   {product} {ergonomic}
   size_t MaxHeapSize                              = 1052770304                                {product} {ergonomic}
   size_t MaxNewSize                               = 631242752                                 {product} {ergonomic}
   size_t MinHeapDeltaBytes                        = 1048576                                   {product} {ergonomic}
   size_t MinHeapSize                              = 8388608                                   {product} {ergonomic}
    uintx NonNMethodCodeHeapSize                   = 5832780                                {pd product} {ergonomic}
    uintx NonProfiledCodeHeapSize                  = 122912730                              {pd product} {ergonomic}
    uintx ProfiledCodeHeapSize                     = 122912730                              {pd product} {ergonomic}
    uintx ReservedCodeCacheSize                    = 251658240                              {pd product} {ergonomic}
     bool SegmentedCodeCache                       = true                                      {product} {ergonomic}
     bool ShowCodeDetailsInExceptionMessages       = true                                   {manageable} {command line}
   size_t SoftMaxHeapSize                          = 1052770304                             {manageable} {ergonomic}
     bool UseCompressedClassPointers               = true                           {product lp64_product} {ergonomic}
     bool UseCompressedOops                        = true                           {product lp64_product} {ergonomic}
     bool UseG1GC                                  = true                                      {product} {ergonomic}
     bool UseLargePagesIndividualAllocation        = false                                  {pd product} {ergonomic}

Logging:
Log output configuration:
 #0: stdout all=warning uptime,level,tags
 #1: stderr all=off uptime,level,tags

Environment Variables:
PATH=C:/Users/Shreyas/.p2/pool/plugins/org.eclipse.justj.openjdk.hotspot.jre.full.win32.x86_64_17.0.1.v20211116-1657/jre/bin/server;C:/Users/Shreyas/.p2/pool/plugins/org.eclipse.justj.openjdk.hotspot.jre.full.win32.x86_64_17.0.1.v20211116-1657/jre/bin;C:\Program Files\Common Files\Oracle\Java\javapath;C:\WINDOWS\system32;C:\WINDOWS;C:\WINDOWS\System32\Wbem;C:\WINDOWS\System32\WindowsPowerShell\v1.0\;C:\Program Files\MySQL\MySQL Server 8.0\bin;C:\Program Files\Java\jdk-17.0.1;C:\Program Files\MySQL\MySQL Shell 8.0\bin\;C:\Users\Shreyas\AppData\Local\Microsoft\WindowsApps;;C:\Users\Shreyas\Desktop;
USERNAME=Shreyas
OS=Windows_NT
PROCESSOR_IDENTIFIER=Intel64 Family 6 Model 76 Stepping 4, GenuineIntel



---------------  S Y S T E M  ---------------

OS:
 Windows 10 , 64 bit Build 16299 (10.0.16299.1087)
OS uptime: 2 days 11:49 hours

CPU: total 4 (initial active 4) (4 cores per cpu, 1 threads per core) family 6 model 76 stepping 4 microcode 0x410, cx8, cmov, fxsr, mmx, 3dnowpref, sse, sse2, sse3, ssse3, sse4.1, sse4.2, popcnt, tsc, tscinvbit, aes, erms, clmul, clflush

Memory: 4k page, system-wide physical 4010M (465M free)
TotalPageFile size 7595M (AvailPageFile size 0M)
current process WorkingSet (physical memory assigned to process): 123M, peak: 123M
current process commit charge ("private bytes"): 142M, peak: 157M

vm_info: OpenJDK 64-Bit Server VM (17.0.1+12) for windows-amd64 JRE (17.0.1+12), built on Oct 20 2021 07:42:55 by "" with MS VC++ 16.7 (VS2019)

END.
