#
# There is insufficient memory for the Java Runtime Environment to continue.
# Native memory allocation (malloc) failed to allocate 121136 bytes for Chunk::new
# Possible reasons:
#   The system is out of physical RAM or swap space
#   The process is running with CompressedOops enabled, and the Java Heap may be blocking the growth of the native heap
# Possible solutions:
#   Reduce memory load on the system
#   Increase physical memory or swap space
#   Check if swap backing store is full
#   Decrease Java heap size (-Xmx/-Xms)
#   Decrease number of Java threads
#   Decrease Java thread stack sizes (-Xss)
#   Set larger code cache with -XX:ReservedCodeCacheSize=
#   JVM is running with Unscaled Compressed Oops mode in which the Java heap is
#     placed in the first 4GB address space. The Java Heap base address is the
#     maximum limit for the native heap growth. Please use -XX:HeapBaseMinAddress
#     to set the Java Heap base and to place the Java Heap above 4GB virtual address.
# This output file may be truncated or incomplete.
#
#  Out of Memory Error (arena.cpp:189), pid=5488, tid=8276
#
# JRE version: OpenJDK Runtime Environment Temurin-17.0.1+12 (17.0.1+12) (build 17.0.1+12)
# Java VM: OpenJDK 64-Bit Server VM Temurin-17.0.1+12 (17.0.1+12, mixed mode, tiered, compressed oops, compressed class ptrs, g1 gc, windows-amd64)
# No core dump will be written. Minidumps are not enabled by default on client versions of Windows
#

---------------  S U M M A R Y ------------

Command Line: -Dfile.encoding=Cp1252 -XX:+ShowCodeDetailsInExceptionMessages tnsif.c2tc.b09.Client

Host: Intel(R) Atom(TM) x5-Z8350  CPU @ 1.44GHz, 4 cores, 3G,  Windows 10 , 64 bit Build 16299 (10.0.16299.1087)
Time: Thu Mar 17 22:17:40 2022 India Standard Time elapsed time: 3.116599 seconds (0d 0h 0m 3s)

---------------  T H R E A D  ---------------

Current thread (0x000002b8ff6782a0):  JavaThread "C2 CompilerThread0" daemon [_thread_in_native, id=8276, stack(0x000000fbbb200000,0x000000fbbb300000)]


Current CompileTask:
C2:   3116  543       4       java.lang.StringLatin1::replace (198 bytes)

Stack: [0x000000fbbb200000,0x000000fbbb300000]
Native frames: (J=compiled Java code, j=interpreted, Vv=VM code, C=native code)
V  [jvm.dll+0x6744da]
V  [jvm.dll+0x82e144]
V  [jvm.dll+0x82f8ee]
V  [jvm.dll+0x82ff53]
V  [jvm.dll+0x245175]
V  [jvm.dll+0xab85b]
V  [jvm.dll+0xabdec]
V  [jvm.dll+0x2abf6f]
V  [jvm.dll+0x57b849]
V  [jvm.dll+0x22022d]
V  [jvm.dll+0x22060f]
V  [jvm.dll+0x219e6a]
V  [jvm.dll+0x217345]
V  [jvm.dll+0x1a355d]
V  [jvm.dll+0x226e38]
V  [jvm.dll+0x224f7c]
V  [jvm.dll+0x7e3f5b]
V  [jvm.dll+0x7de51a]
V  [jvm.dll+0x673305]
C  [ucrtbase.dll+0x1fa95]
C  [KERNEL32.DLL+0x137e4]
C  [ntdll.dll+0x6cb81]


---------------  P R O C E S S  ---------------

Threads class SMR info:
_java_thread_list=0x000002b88fa478c0, length=12, elements={
0x000002b8f564d810, 0x000002b8ff5ecf70, 0x000002b8ff5eedb0, 0x000002b8ff646ee0,
0x000002b8ff673410, 0x000002b8ff673dd0, 0x000002b8ff6776b0, 0x000002b8ff6782a0,
0x000002b8f571ab00, 0x000002b8f571e920, 0x000002b88fa42010, 0x000002b88fa4ebb0
}

Java Threads: ( => current thread )
  0x000002b8f564d810 JavaThread "main" [_thread_in_native, id=8852, stack(0x000000fbba500000,0x000000fbba600000)]
  0x000002b8ff5ecf70 JavaThread "Reference Handler" daemon [_thread_blocked, id=8004, stack(0x000000fbbac00000,0x000000fbbad00000)]
  0x000002b8ff5eedb0 JavaThread "Finalizer" daemon [_thread_blocked, id=7188, stack(0x000000fbbad00000,0x000000fbbae00000)]
  0x000002b8ff646ee0 JavaThread "Signal Dispatcher" daemon [_thread_blocked, id=1256, stack(0x000000fbbae00000,0x000000fbbaf00000)]
  0x000002b8ff673410 JavaThread "Attach Listener" daemon [_thread_blocked, id=8888, stack(0x000000fbbaf00000,0x000000fbbb000000)]
  0x000002b8ff673dd0 JavaThread "Service Thread" daemon [_thread_blocked, id=992, stack(0x000000fbbb000000,0x000000fbbb100000)]
  0x000002b8ff6776b0 JavaThread "Monitor Deflation Thread" daemon [_thread_blocked, id=4612, stack(0x000000fbbb100000,0x000000fbbb200000)]
=>0x000002b8ff6782a0 JavaThread "C2 CompilerThread0" daemon [_thread_in_native, id=8276, stack(0x000000fbbb200000,0x000000fbbb300000)]
  0x000002b8f571ab00 JavaThread "C1 CompilerThread0" daemon [_thread_blocked, id=8856, stack(0x000000fbbb300000,0x000000fbbb400000)]
  0x000002b8f571e920 JavaThread "Sweeper thread" daemon [_thread_blocked, id=7384, stack(0x000000fbbb400000,0x000000fbbb500000)]
  0x000002b88fa42010 JavaThread "Notification Thread" daemon [_thread_blocked, id=9444, stack(0x000000fbbb500000,0x000000fbbb600000)]
  0x000002b88fa4ebb0 JavaThread "Common-Cleaner" daemon [_thread_blocked, id=3292, stack(0x000000fbbb700000,0x000000fbbb800000)]

Other Threads:
  0x000002b8ff607400 VMThread "VM Thread" [stack: 0x000000fbbab00000,0x000000fbbac00000] [id=10308]
  0x000002b88fa48500 WatcherThread [stack: 0x000000fbbb600000,0x000000fbbb700000] [id=3972]
  0x000002b8f567d780 GCTaskThread "GC Thread#0" [stack: 0x000000fbba600000,0x000000fbba700000] [id=444]
  0x000002b88fae80c0 GCTaskThread "GC Thread#1" [stack: 0x000000fbbb800000,0x000000fbbb900000] [id=5300]
  0x000002b8f5686350 ConcurrentGCThread "G1 Main Marker" [stack: 0x000000fbba700000,0x000000fbba800000] [id=7108]
  0x000002b8f5687c80 ConcurrentGCThread "G1 Conc#0" [stack: 0x000000fbba800000,0x000000fbba900000] [id=5200]
  0x000002b8f56d7610 ConcurrentGCThread "G1 Refine#0" [stack: 0x000000fbba900000,0x000000fbbaa00000] [id=2700]
  0x000002b8f56d8cb0 ConcurrentGCThread "G1 Service" [stack: 0x000000fbbaa00000,0x000000fbbab00000] [id=8152]

Threads with active compile tasks:
C2 CompilerThread0     3236  543       4       java.lang.StringLatin1::replace (198 bytes)

VM state: not at safepoint (normal execution)

VM Mutex/Monitor currently owned by a thread: None

Heap address: 0x00000000c1400000, size: 1004 MB, Compressed Oops mode: 32-bit

CDS archive(s) not mapped
Compressed class space mapped at: 0x0000000100000000-0x0000000140000000, reserved size: 1073741824
Narrow klass base: 0x0000000000000000, Narrow klass shift: 3, Narrow klass range: 0x140000000

GC Precious Log:
 CPUs: 4 total, 4 available
 Memory: 4010M
 Large Page Support: Disabled
 NUMA Support: Disabled
 Compressed Oops: Enabled (32-bit)
 Heap Region Size: 1M
 Heap Min Capacity: 8M
 Heap Initial Capacity: 64M
 Heap Max Capacity: 1004M
 Pre-touch: Disabled
 Parallel Workers: 4
 Concurrent Workers: 1
 Concurrent Refinement Workers: 4
 Periodic GC: Disabled

Heap:
 garbage-first heap   total 65536K, used 9907K [0x00000000c1400000, 0x0000000100000000)
  region size 1024K, 11 young (11264K), 2 survivors (2048K)
 Metaspace       used 11243K, committed 11328K, reserved 1064960K
  class space    used 1043K, committed 1088K, reserved 1048576K

Heap Regions: E=young(eden), S=young(survivor), O=old, HS=humongous(starts), HC=humongous(continues), CS=collection set, F=free, OA=open archive, CA=closed archive, TAMS=top-at-mark-start (previous, next)
|   0|0x00000000c1400000, 0x00000000c1500000, 0x00000000c1500000|100%|HS|  |TAMS 0x00000000c1400000, 0x00000000c1400000| Complete 
|   1|0x00000000c1500000, 0x00000000c1500000, 0x00000000c1600000|  0%| F|  |TAMS 0x00000000c1500000, 0x00000000c1500000| Untracked 
|   2|0x00000000c1600000, 0x00000000c1600000, 0x00000000c1700000|  0%| F|  |TAMS 0x00000000c1600000, 0x00000000c1600000| Untracked 
|   3|0x00000000c1700000, 0x00000000c1700000, 0x00000000c1800000|  0%| F|  |TAMS 0x00000000c1700000, 0x00000000c1700000| Untracked 
|   4|0x00000000c1800000, 0x00000000c1800000, 0x00000000c1900000|  0%| F|  |TAMS 0x00000000c1800000, 0x00000000c1800000| Untracked 
|   5|0x00000000c1900000, 0x00000000c1900000, 0x00000000c1a00000|  0%| F|  |TAMS 0x00000000c1900000, 0x00000000c1900000| Untracked 
|   6|0x00000000c1a00000, 0x00000000c1a00000, 0x00000000c1b00000|  0%| F|  |TAMS 0x00000000c1a00000, 0x00000000c1a00000| Untracked 
|   7|0x00000000c1b00000, 0x00000000c1b00000, 0x00000000c1c00000|  0%| F|  |TAMS 0x00000000c1b00000, 0x00000000c1b00000| Untracked 
|   8|0x00000000c1c00000, 0x00000000c1c00000, 0x00000000c1d00000|  0%| F|  |TAMS 0x00000000c1c00000, 0x00000000c1c00000| Untracked 
|   9|0x00000000c1d00000, 0x00000000c1d00000, 0x00000000c1e00000|  0%| F|  |TAMS 0x00000000c1d00000, 0x00000000c1d00000| Untracked 
|  10|0x00000000c1e00000, 0x00000000c1e00000, 0x00000000c1f00000|  0%| F|  |TAMS 0x00000000c1e00000, 0x00000000c1e00000| Untracked 
|  11|0x00000000c1f00000, 0x00000000c1f00000, 0x00000000c2000000|  0%| F|  |TAMS 0x00000000c1f00000, 0x00000000c1f00000| Untracked 
|  12|0x00000000c2000000, 0x00000000c2000000, 0x00000000c2100000|  0%| F|  |TAMS 0x00000000c2000000, 0x00000000c2000000| Untracked 
|  13|0x00000000c2100000, 0x00000000c2100000, 0x00000000c2200000|  0%| F|  |TAMS 0x00000000c2100000, 0x00000000c2100000| Untracked 
|  14|0x00000000c2200000, 0x00000000c2200000, 0x00000000c2300000|  0%| F|  |TAMS 0x00000000c2200000, 0x00000000c2200000| Untracked 
|  15|0x00000000c2300000, 0x00000000c2300000, 0x00000000c2400000|  0%| F|  |TAMS 0x00000000c2300000, 0x00000000c2300000| Untracked 
|  16|0x00000000c2400000, 0x00000000c2400000, 0x00000000c2500000|  0%| F|  |TAMS 0x00000000c2400000, 0x00000000c2400000| Untracked 
|  17|0x00000000c2500000, 0x00000000c2500000, 0x00000000c2600000|  0%| F|  |TAMS 0x00000000c2500000, 0x00000000c2500000| Untracked 
|  18|0x00000000c2600000, 0x00000000c2600000, 0x00000000c2700000|  0%| F|  |TAMS 0x00000000c2600000, 0x00000000c2600000| Untracked 
|  19|0x00000000c2700000, 0x00000000c2700000, 0x00000000c2800000|  0%| F|  |TAMS 0x00000000c2700000, 0x00000000c2700000| Untracked 
|  20|0x00000000c2800000, 0x00000000c2800000, 0x00000000c2900000|  0%| F|  |TAMS 0x00000000c2800000, 0x00000000c2800000| Untracked 
|  21|0x00000000c2900000, 0x00000000c2900000, 0x00000000c2a00000|  0%| F|  |TAMS 0x00000000c2900000, 0x00000000c2900000| Untracked 
|  22|0x00000000c2a00000, 0x00000000c2a00000, 0x00000000c2b00000|  0%| F|  |TAMS 0x00000000c2a00000, 0x00000000c2a00000| Untracked 
|  23|0x00000000c2b00000, 0x00000000c2b00000, 0x00000000c2c00000|  0%| F|  |TAMS 0x00000000c2b00000, 0x00000000c2b00000| Untracked 
|  24|0x00000000c2c00000, 0x00000000c2c00000, 0x00000000c2d00000|  0%| F|  |TAMS 0x00000000c2c00000, 0x00000000c2c00000| Untracked 
|  25|0x00000000c2d00000, 0x00000000c2d00000, 0x00000000c2e00000|  0%| F|  |TAMS 0x00000000c2d00000, 0x00000000c2d00000| Untracked 
|  26|0x00000000c2e00000, 0x00000000c2e00000, 0x00000000c2f00000|  0%| F|  |TAMS 0x00000000c2e00000, 0x00000000c2e00000| Untracked 
|  27|0x00000000c2f00000, 0x00000000c2f00000, 0x00000000c3000000|  0%| F|  |TAMS 0x00000000c2f00000, 0x00000000c2f00000| Untracked 
|  28|0x00000000c3000000, 0x00000000c3000000, 0x00000000c3100000|  0%| F|  |TAMS 0x00000000c3000000, 0x00000000c3000000| Untracked 
|  29|0x00000000c3100000, 0x00000000c3100000, 0x00000000c3200000|  0%| F|  |TAMS 0x00000000c3100000, 0x00000000c3100000| Untracked 
|  30|0x00000000c3200000, 0x00000000c3200000, 0x00000000c3300000|  0%| F|  |TAMS 0x00000000c3200000, 0x00000000c3200000| Untracked 
|  31|0x00000000c3300000, 0x00000000c3300000, 0x00000000c3400000|  0%| F|  |TAMS 0x00000000c3300000, 0x00000000c3300000| Untracked 
|  32|0x00000000c3400000, 0x00000000c3400000, 0x00000000c3500000|  0%| F|  |TAMS 0x00000000c3400000, 0x00000000c3400000| Untracked 
|  33|0x00000000c3500000, 0x00000000c3500000, 0x00000000c3600000|  0%| F|  |TAMS 0x00000000c3500000, 0x00000000c3500000| Untracked 
|  34|0x00000000c3600000, 0x00000000c3600000, 0x00000000c3700000|  0%| F|  |TAMS 0x00000000c3600000, 0x00000000c3600000| Untracked 
|  35|0x00000000c3700000, 0x00000000c3700000, 0x00000000c3800000|  0%| F|  |TAMS 0x00000000c3700000, 0x00000000c3700000| Untracked 
|  36|0x00000000c3800000, 0x00000000c3800000, 0x00000000c3900000|  0%| F|  |TAMS 0x00000000c3800000, 0x00000000c3800000| Untracked 
|  37|0x00000000c3900000, 0x00000000c3900000, 0x00000000c3a00000|  0%| F|  |TAMS 0x00000000c3900000, 0x00000000c3900000| Untracked 
|  38|0x00000000c3a00000, 0x00000000c3a00000, 0x00000000c3b00000|  0%| F|  |TAMS 0x00000000c3a00000, 0x00000000c3a00000| Untracked 
|  39|0x00000000c3b00000, 0x00000000c3b00000, 0x00000000c3c00000|  0%| F|  |TAMS 0x00000000c3b00000, 0x00000000c3b00000| Untracked 
|  40|0x00000000c3c00000, 0x00000000c3c00000, 0x00000000c3d00000|  0%| F|  |TAMS 0x00000000c3c00000, 0x00000000c3c00000| Untracked 
|  41|0x00000000c3d00000, 0x00000000c3d00000, 0x00000000c3e00000|  0%| F|  |TAMS 0x00000000c3d00000, 0x00000000c3d00000| Untracked 
|  42|0x00000000c3e00000, 0x00000000c3eacd20, 0x00000000c3f00000| 67%| S|CS|TAMS 0x00000000c3e00000, 0x00000000c3e00000| Complete 
|  43|0x00000000c3f00000, 0x00000000c4000000, 0x00000000c4000000|100%| S|CS|TAMS 0x00000000c3f00000, 0x00000000c3f00000| Complete 
|  44|0x00000000c4000000, 0x00000000c4000000, 0x00000000c4100000|  0%| F|  |TAMS 0x00000000c4000000, 0x00000000c4000000| Untracked 
|  45|0x00000000c4100000, 0x00000000c4100000, 0x00000000c4200000|  0%| F|  |TAMS 0x00000000c4100000, 0x00000000c4100000| Untracked 
|  46|0x00000000c4200000, 0x00000000c4200000, 0x00000000c4300000|  0%| F|  |TAMS 0x00000000c4200000, 0x00000000c4200000| Untracked 
|  47|0x00000000c4300000, 0x00000000c4300000, 0x00000000c4400000|  0%| F|  |TAMS 0x00000000c4300000, 0x00000000c4300000| Untracked 
|  48|0x00000000c4400000, 0x00000000c4400000, 0x00000000c4500000|  0%| F|  |TAMS 0x00000000c4400000, 0x00000000c4400000| Untracked 
|  49|0x00000000c4500000, 0x00000000c4500000, 0x00000000c4600000|  0%| F|  |TAMS 0x00000000c4500000, 0x00000000c4500000| Untracked 
|  50|0x00000000c4600000, 0x00000000c4600000, 0x00000000c4700000|  0%| F|  |TAMS 0x00000000c4600000, 0x00000000c4600000| Untracked 
|  51|0x00000000c4700000, 0x00000000c4700000, 0x00000000c4800000|  0%| F|  |TAMS 0x00000000c4700000, 0x00000000c4700000| Untracked 
|  52|0x00000000c4800000, 0x00000000c4800000, 0x00000000c4900000|  0%| F|  |TAMS 0x00000000c4800000, 0x00000000c4800000| Untracked 
|  53|0x00000000c4900000, 0x00000000c4900000, 0x00000000c4a00000|  0%| F|  |TAMS 0x00000000c4900000, 0x00000000c4900000| Untracked 
|  54|0x00000000c4a00000, 0x00000000c4a00000, 0x00000000c4b00000|  0%| F|  |TAMS 0x00000000c4a00000, 0x00000000c4a00000| Untracked 
|  55|0x00000000c4b00000, 0x00000000c4c00000, 0x00000000c4c00000|100%| E|  |TAMS 0x00000000c4b00000, 0x00000000c4b00000| Complete 
|  56|0x00000000c4c00000, 0x00000000c4d00000, 0x00000000c4d00000|100%| E|CS|TAMS 0x00000000c4c00000, 0x00000000c4c00000| Complete 
|  57|0x00000000c4d00000, 0x00000000c4e00000, 0x00000000c4e00000|100%| E|CS|TAMS 0x00000000c4d00000, 0x00000000c4d00000| Complete 
|  58|0x00000000c4e00000, 0x00000000c4f00000, 0x00000000c4f00000|100%| E|CS|TAMS 0x00000000c4e00000, 0x00000000c4e00000| Complete 
|  59|0x00000000c4f00000, 0x00000000c5000000, 0x00000000c5000000|100%| E|CS|TAMS 0x00000000c4f00000, 0x00000000c4f00000| Complete 
|  60|0x00000000c5000000, 0x00000000c5100000, 0x00000000c5100000|100%| E|CS|TAMS 0x00000000c5000000, 0x00000000c5000000| Complete 
|  61|0x00000000c5100000, 0x00000000c5200000, 0x00000000c5200000|100%| E|CS|TAMS 0x00000000c5100000, 0x00000000c5100000| Complete 
|  62|0x00000000c5200000, 0x00000000c5300000, 0x00000000c5300000|100%| E|  |TAMS 0x00000000c5200000, 0x00000000c5200000| Complete 
|  63|0x00000000c5300000, 0x00000000c5400000, 0x00000000c5400000|100%| E|CS|TAMS 0x00000000c5300000, 0x00000000c5300000| Complete 

Card table byte_map: [0x000002b8facd0000,0x000002b8faed0000] _byte_map_base: 0x000002b8fa6c6000

Marking Bits (Prev, Next): (CMBitMap*) 0x000002b8f567dca0, (CMBitMap*) 0x000002b8f567dce0
 Prev Bits: [0x000002b8fb0d0000, 0x000002b8fc080000)
 Next Bits: [0x000002b8fc080000, 0x000002b8fd030000)

Polling page: 0x000002b8f5410000

Metaspace:

Usage:
  Non-class:      9.97 MB used.
      Class:      1.02 MB used.
       Both:     10.98 MB used.

Virtual space:
  Non-class space:       16.00 MB reserved,      10.00 MB ( 63%) committed,  2 nodes.
      Class space:        1.00 GB reserved,       1.06 MB ( <1%) committed,  1 nodes.
             Both:        1.02 GB reserved,      11.06 MB (  1%) committed. 

Chunk freelists:
   Non-Class:  1.00 MB
       Class:  2.75 MB
        Both:  3.75 MB

MaxMetaspaceSize: unlimited
CompressedClassSpaceSize: 1.00 GB
Initial GC threshold: 21.00 MB
Current GC threshold: 21.00 MB
CDS: off
MetaspaceReclaimPolicy: balanced
 - commit_granule_bytes: 65536.
 - commit_granule_words: 8192.
 - virtual_space_node_default_size: 1048576.
 - enlarge_chunks_in_place: 1.
 - new_chunks_are_fully_committed: 0.
 - uncommit_free_chunks: 1.
 - use_allocation_guard: 0.
 - handle_deallocations: 1.


Internal statistics:

num_allocs_failed_limit: 0.
num_arena_births: 76.
num_arena_deaths: 0.
num_vsnodes_births: 3.
num_vsnodes_deaths: 0.
num_space_committed: 178.
num_space_uncommitted: 0.
num_chunks_returned_to_freelist: 0.
num_chunks_taken_from_freelist: 149.
num_chunk_merges: 0.
num_chunk_splits: 87.
num_chunks_enlarged: 53.
num_purges: 0.
num_inconsistent_stats: 0.

CodeHeap 'non-profiled nmethods': size=120000Kb used=176Kb max_used=176Kb free=119823Kb
 bounds [0x000002b887ad0000, 0x000002b887d40000, 0x000002b88f000000]
CodeHeap 'profiled nmethods': size=120000Kb used=948Kb max_used=948Kb free=119051Kb
 bounds [0x000002b8805a0000, 0x000002b880810000, 0x000002b887ad0000]
CodeHeap 'non-nmethods': size=5760Kb used=1124Kb max_used=1134Kb free=4635Kb
 bounds [0x000002b880000000, 0x000002b880270000, 0x000002b8805a0000]
 total_blobs=1013 nmethods=603 adapters=324
 compilation: enabled
              stopped_count=0, restarted_count=0
 full_count=0

Compilation events (20 events):
Event: 3.087 Thread 0x000002b8f571ab00 nmethod 542 0x000002b880665e90 code [0x000002b8806660c0, 0x000002b8806666e8]
Event: 3.089 Thread 0x000002b8f571ab00  544       3       java.io.WinNTFileSystem::isLetter (30 bytes)
Event: 3.089 Thread 0x000002b8f571ab00 nmethod 544 0x000002b880666890 code [0x000002b880666a20, 0x000002b880666c38]
Event: 3.093 Thread 0x000002b8f571ab00  545       3       java.lang.invoke.Invokers$Holder::linkToTargetMethod (9 bytes)
Event: 3.094 Thread 0x000002b8f571ab00 nmethod 545 0x000002b880666d10 code [0x000002b880666ec0, 0x000002b880667258]
Event: 3.095 Thread 0x000002b8f571ab00  547       3       java.util.ArrayList::iterator (9 bytes)
Event: 3.096 Thread 0x000002b8f571ab00 nmethod 547 0x000002b880667310 code [0x000002b8806674c0, 0x000002b880667758]
Event: 3.096 Thread 0x000002b8f571ab00  549       3       com.sun.org.apache.xerces.internal.util.PropertyState::isExceptional (8 bytes)
Event: 3.097 Thread 0x000002b8f571ab00 nmethod 549 0x000002b880667890 code [0x000002b880667a20, 0x000002b880667b58]
Event: 3.097 Thread 0x000002b8f571ab00  550       3       java.util.ArrayList::contains (14 bytes)
Event: 3.097 Thread 0x000002b8f571ab00 nmethod 550 0x000002b880667c10 code [0x000002b880667dc0, 0x000002b880667fe8]
Event: 3.097 Thread 0x000002b8f571ab00  551       3       java.util.ArrayList::indexOf (11 bytes)
Event: 3.098 Thread 0x000002b8f571ab00 nmethod 551 0x000002b880668110 code [0x000002b8806682c0, 0x000002b880668408]
Event: 3.098 Thread 0x000002b8f571ab00  548       3       java.util.ArrayList$Itr::<init> (26 bytes)
Event: 3.098 Thread 0x000002b8f571ab00 nmethod 548 0x000002b880668490 code [0x000002b880668620, 0x000002b8806687f8]
Event: 3.099 Thread 0x000002b8f571ab00  552       3       com.sun.org.apache.xerces.internal.impl.XMLEntityScanner::checkLimit (256 bytes)
Event: 3.108 Thread 0x000002b8f571ab00 nmethod 552 0x000002b880668910 code [0x000002b880668e20, 0x000002b88066bce8]
Event: 3.108 Thread 0x000002b8f571ab00  554       3       com.sun.org.apache.xerces.internal.util.SymbolTable::hash (53 bytes)
Event: 3.109 Thread 0x000002b8f571ab00 nmethod 554 0x000002b88066ce90 code [0x000002b88066d040, 0x000002b88066d2c8]
Event: 3.109 Thread 0x000002b8f571ab00  555       3       com.sun.org.apache.xerces.internal.util.SymbolTable::addSymbol (110 bytes)

GC Heap History (4 events):
Event: 1.605 GC heap before
{Heap before GC invocations=0 (full 0):
 garbage-first heap   total 65536K, used 13312K [0x00000000c1400000, 0x0000000100000000)
  region size 1024K, 13 young (13312K), 0 survivors (0K)
 Metaspace       used 5367K, committed 5504K, reserved 1056768K
  class space    used 465K, committed 512K, reserved 1048576K
}
Event: 1.619 GC heap after
{Heap after GC invocations=1 (full 0):
 garbage-first heap   total 65536K, used 2537K [0x00000000c1400000, 0x0000000100000000)
  region size 1024K, 2 young (2048K), 2 survivors (2048K)
 Metaspace       used 5367K, committed 5504K, reserved 1056768K
  class space    used 465K, committed 512K, reserved 1048576K
}
Event: 1.670 GC heap before
{Heap before GC invocations=1 (full 0):
 garbage-first heap   total 65536K, used 19945K [0x00000000c1400000, 0x0000000100000000)
  region size 1024K, 20 young (20480K), 2 survivors (2048K)
 Metaspace       used 5368K, committed 5504K, reserved 1056768K
  class space    used 465K, committed 512K, reserved 1048576K
}
Event: 1.676 GC heap after
{Heap after GC invocations=2 (full 0):
 garbage-first heap   total 65536K, used 2739K [0x00000000c1400000, 0x0000000100000000)
  region size 1024K, 2 young (2048K), 2 survivors (2048K)
 Metaspace       used 5368K, committed 5504K, reserved 1056768K
  class space    used 465K, committed 512K, reserved 1048576K
}

Deoptimization events (10 events):
Event: 1.628 Thread 0x000002b8f564d810 DEOPT PACKING pc=0x000002b8805d9568 sp=0x000000fbba5fd180
Event: 1.628 Thread 0x000002b8f564d810 DEOPT UNPACKING pc=0x000002b880052b24 sp=0x000000fbba5fc610 mode 0
Event: 1.635 Thread 0x000002b8f564d810 DEOPT PACKING pc=0x000002b8805d9568 sp=0x000000fbba5fd180
Event: 1.635 Thread 0x000002b8f564d810 DEOPT UNPACKING pc=0x000002b880052b24 sp=0x000000fbba5fc610 mode 0
Event: 2.125 Thread 0x000002b8f564d810 DEOPT PACKING pc=0x000002b8805ba667 sp=0x000000fbba5f9e60
Event: 2.125 Thread 0x000002b8f564d810 DEOPT UNPACKING pc=0x000002b880052b24 sp=0x000000fbba5f9280 mode 0
Event: 2.254 Thread 0x000002b8f564d810 DEOPT PACKING pc=0x000002b8805c85d6 sp=0x000000fbba5f8d00
Event: 2.254 Thread 0x000002b8f564d810 DEOPT UNPACKING pc=0x000002b880052b24 sp=0x000000fbba5f81a0 mode 0
Event: 2.325 Thread 0x000002b8f564d810 DEOPT PACKING pc=0x000002b8805a7751 sp=0x000000fbba5f9d00
Event: 2.325 Thread 0x000002b8f564d810 DEOPT UNPACKING pc=0x000002b880052b24 sp=0x000000fbba5f9178 mode 0

Classes unloaded (0 events):
No events

Classes redefined (0 events):
No events

Internal exceptions (4 events):
Event: 2.023 Thread 0x000002b8f564d810 Exception <a 'java/lang/NoSuchMethodError'{0x00000000c4e26bc0}: 'java.lang.Object java.lang.invoke.DirectMethodHandle$Holder.invokeStatic(java.lang.Object, java.lang.Object, int)'> (0x00000000c4e26bc0) 
thrown [e:\jenkins\tmp\workspace\build\src\src\hotspot\share\interpreter\linkResolver.cpp, line 766]
Event: 2.031 Thread 0x000002b8f564d810 Exception <a 'java/lang/NoSuchMethodError'{0x00000000c4e32d20}: 'void java.lang.invoke.DelegatingMethodHandle$Holder.delegate(java.lang.Object, java.lang.Object, int, java.lang.Object)'> (0x00000000c4e32d20) 
thrown [e:\jenkins\tmp\workspace\build\src\src\hotspot\share\interpreter\linkResolver.cpp, line 766]
Event: 2.034 Thread 0x000002b8f564d810 Exception <a 'java/lang/NoSuchMethodError'{0x00000000c4e36f60}: 'int java.lang.invoke.DirectMethodHandle$Holder.invokeSpecial(java.lang.Object, java.lang.Object, java.lang.Object)'> (0x00000000c4e36f60) 
thrown [e:\jenkins\tmp\workspace\build\src\src\hotspot\share\interpreter\linkResolver.cpp, line 766]
Event: 2.933 Thread 0x000002b8f564d810 Exception <a 'java/lang/ClassNotFoundException'{0x00000000c4ce47f8}: com/sun/org/apache/xerces/internal/impl/xpath/regex/spi/messageProvider> (0x00000000c4ce47f8) 
thrown [e:\jenkins\tmp\workspace\build\src\src\hotspot\share\classfile\systemDictionary.cpp, line 256]

VM Operations (6 events):
Event: 1.213 Executing VM operation: HandshakeAllThreads
Event: 1.213 Executing VM operation: HandshakeAllThreads done
Event: 1.604 Executing VM operation: G1CollectForAllocation
Event: 1.619 Executing VM operation: G1CollectForAllocation done
Event: 1.670 Executing VM operation: G1CollectForAllocation
Event: 1.676 Executing VM operation: G1CollectForAllocation done

Events (20 events):
Event: 3.074 loading class com/sun/org/apache/xerces/internal/impl/dtd/models/CMNode done
Event: 3.074 loading class com/sun/org/apache/xerces/internal/impl/xs/models/XSCMLeaf done
Event: 3.074 loading class com/sun/org/apache/xerces/internal/impl/xs/models/XSCMUniOp
Event: 3.075 loading class com/sun/org/apache/xerces/internal/impl/xs/models/XSCMUniOp done
Event: 3.075 loading class com/sun/org/apache/xerces/internal/impl/xs/models/XSDFACM
Event: 3.075 loading class com/sun/org/apache/xerces/internal/impl/xs/models/XSDFACM done
Event: 3.076 loading class com/sun/org/apache/xerces/internal/impl/xs/models/XSCMBinOp
Event: 3.076 loading class com/sun/org/apache/xerces/internal/impl/xs/models/XSCMBinOp done
Event: 3.076 loading class com/sun/org/apache/xerces/internal/impl/dtd/models/CMStateSet
Event: 3.076 loading class com/sun/org/apache/xerces/internal/impl/dtd/models/CMStateSet done
Event: 3.077 loading class com/sun/org/apache/xerces/internal/impl/xs/models/XSCMRepeatingLeaf
Event: 3.077 loading class com/sun/org/apache/xerces/internal/impl/xs/models/XSCMRepeatingLeaf done
Event: 3.079 loading class com/sun/org/apache/xerces/internal/jaxp/validation/SimpleXMLSchema
Event: 3.079 loading class com/sun/org/apache/xerces/internal/jaxp/validation/AbstractXMLSchema
Event: 3.079 loading class com/sun/org/apache/xerces/internal/jaxp/validation/XSGrammarPoolContainer
Event: 3.079 loading class com/sun/org/apache/xerces/internal/jaxp/validation/XSGrammarPoolContainer done
Event: 3.079 loading class javax/xml/validation/Schema
Event: 3.079 loading class javax/xml/validation/Schema done
Event: 3.079 loading class com/sun/org/apache/xerces/internal/jaxp/validation/AbstractXMLSchema done
Event: 3.079 loading class com/sun/org/apache/xerces/internal/jaxp/validation/SimpleXMLSchema done


Dynamic libraries:
0x00007ff630310000 - 0x00007ff63031e000 	C:\Users\Shreyas\.p2\pool\plugins\org.eclipse.justj.openjdk.hotspot.jre.full.win32.x86_64_17.0.1.v20211116-1657\jre\bin\javaw.exe
0x00007ffb162b0000 - 0x00007ffb16490000 	C:\WINDOWS\SYSTEM32\ntdll.dll
0x00007ffb159b0000 - 0x00007ffb15a5e000 	C:\WINDOWS\System32\KERNEL32.DLL
0x00007ffb132f0000 - 0x00007ffb13556000 	C:\WINDOWS\System32\KERNELBASE.dll
0x00007ffb126b0000 - 0x00007ffb127a4000 	C:\WINDOWS\System32\ucrtbase.dll
0x00007ffb0c750000 - 0x00007ffb0c768000 	C:\Users\Shreyas\.p2\pool\plugins\org.eclipse.justj.openjdk.hotspot.jre.full.win32.x86_64_17.0.1.v20211116-1657\jre\bin\jli.dll
0x00007ffb15820000 - 0x00007ffb159af000 	C:\WINDOWS\System32\USER32.dll
0x00007ffb127b0000 - 0x00007ffb127d0000 	C:\WINDOWS\System32\win32u.dll
0x00007ffb156a0000 - 0x00007ffb156c8000 	C:\WINDOWS\System32\GDI32.dll
0x00007ffb13560000 - 0x00007ffb136f3000 	C:\WINDOWS\System32\gdi32full.dll
0x00007ffb12f70000 - 0x00007ffb1300b000 	C:\WINDOWS\System32\msvcp_win.dll
0x00007ffb0c730000 - 0x00007ffb0c749000 	C:\Users\Shreyas\.p2\pool\plugins\org.eclipse.justj.openjdk.hotspot.jre.full.win32.x86_64_17.0.1.v20211116-1657\jre\bin\VCRUNTIME140.dll
0x00007ffb01bc0000 - 0x00007ffb01e29000 	C:\WINDOWS\WinSxS\amd64_microsoft.windows.common-controls_6595b64144ccf1df_6.0.16299.1087_none_0f9074b65a6589b7\COMCTL32.dll
0x00007ffb13820000 - 0x00007ffb138bd000 	C:\WINDOWS\System32\msvcrt.dll
0x00007ffb15ae0000 - 0x00007ffb15de6000 	C:\WINDOWS\System32\combase.dll
0x00007ffb13eb0000 - 0x00007ffb13fcf000 	C:\WINDOWS\System32\RPCRT4.dll
0x00007ffb13700000 - 0x00007ffb13772000 	C:\WINDOWS\System32\bcryptPrimitives.dll
0x00007ffb13e80000 - 0x00007ffb13ead000 	C:\WINDOWS\System32\IMM32.DLL
0x00007ffb0c720000 - 0x00007ffb0c72c000 	C:\Users\Shreyas\.p2\pool\plugins\org.eclipse.justj.openjdk.hotspot.jre.full.win32.x86_64_17.0.1.v20211116-1657\jre\bin\vcruntime140_1.dll
0x00007ffb003d0000 - 0x00007ffb00461000 	C:\Users\Shreyas\.p2\pool\plugins\org.eclipse.justj.openjdk.hotspot.jre.full.win32.x86_64_17.0.1.v20211116-1657\jre\bin\msvcp140.dll
0x00007ffaea570000 - 0x00007ffaeb1b6000 	C:\Users\Shreyas\.p2\pool\plugins\org.eclipse.justj.openjdk.hotspot.jre.full.win32.x86_64_17.0.1.v20211116-1657\jre\bin\server\jvm.dll
0x00007ffb16040000 - 0x00007ffb160e1000 	C:\WINDOWS\System32\ADVAPI32.dll
0x00007ffb16110000 - 0x00007ffb1616b000 	C:\WINDOWS\System32\sechost.dll
0x00007ffb138c0000 - 0x00007ffb138c8000 	C:\WINDOWS\System32\PSAPI.DLL
0x00007ffb112d0000 - 0x00007ffb112d9000 	C:\WINDOWS\SYSTEM32\WSOCK32.dll
0x00007ffb156d0000 - 0x00007ffb1573c000 	C:\WINDOWS\System32\WS2_32.dll
0x00007ffb104c0000 - 0x00007ffb104e3000 	C:\WINDOWS\SYSTEM32\WINMM.dll
0x00007ffb10490000 - 0x00007ffb104ba000 	C:\WINDOWS\SYSTEM32\WINMMBASE.dll
0x00007ffb127d0000 - 0x00007ffb1281a000 	C:\WINDOWS\System32\cfgmgr32.dll
0x00007ffb034d0000 - 0x00007ffb034da000 	C:\WINDOWS\SYSTEM32\VERSION.dll
0x00007ffb12600000 - 0x00007ffb12611000 	C:\WINDOWS\System32\kernel.appcore.dll
0x00007ffb0cd20000 - 0x00007ffb0cd2a000 	C:\Users\Shreyas\.p2\pool\plugins\org.eclipse.justj.openjdk.hotspot.jre.full.win32.x86_64_17.0.1.v20211116-1657\jre\bin\jimage.dll
0x00007ffb110e0000 - 0x00007ffb112a8000 	C:\WINDOWS\SYSTEM32\DBGHELP.DLL
0x00007ffb03700000 - 0x00007ffb03729000 	C:\WINDOWS\SYSTEM32\dbgcore.DLL
0x00007ffb06480000 - 0x00007ffb064a5000 	C:\Users\Shreyas\.p2\pool\plugins\org.eclipse.justj.openjdk.hotspot.jre.full.win32.x86_64_17.0.1.v20211116-1657\jre\bin\java.dll
0x00007ffb09cf0000 - 0x00007ffb09d08000 	C:\Users\Shreyas\.p2\pool\plugins\org.eclipse.justj.openjdk.hotspot.jre.full.win32.x86_64_17.0.1.v20211116-1657\jre\bin\zip.dll
0x00007ffb14200000 - 0x00007ffb15638000 	C:\WINDOWS\System32\SHELL32.dll
0x00007ffb15df0000 - 0x00007ffb15e96000 	C:\WINDOWS\System32\shcore.dll
0x00007ffb12820000 - 0x00007ffb12f67000 	C:\WINDOWS\System32\windows.storage.dll
0x00007ffb13fd0000 - 0x00007ffb14021000 	C:\WINDOWS\System32\shlwapi.dll
0x00007ffb12660000 - 0x00007ffb126ac000 	C:\WINDOWS\System32\powrprof.dll
0x00007ffb12640000 - 0x00007ffb1265b000 	C:\WINDOWS\System32\profapi.dll
0x00007ffb08190000 - 0x00007ffb081a9000 	C:\Users\Shreyas\.p2\pool\plugins\org.eclipse.justj.openjdk.hotspot.jre.full.win32.x86_64_17.0.1.v20211116-1657\jre\bin\net.dll
0x00007ffb0df50000 - 0x00007ffb0e02e000 	C:\WINDOWS\SYSTEM32\WINHTTP.dll
0x00007ffb11e30000 - 0x00007ffb11e96000 	C:\WINDOWS\system32\mswsock.dll
0x00007ffb0acf0000 - 0x00007ffb0ad05000 	C:\Users\Shreyas\.p2\pool\plugins\org.eclipse.justj.openjdk.hotspot.jre.full.win32.x86_64_17.0.1.v20211116-1657\jre\bin\nio.dll

dbghelp: loaded successfully - version: 4.0.5 - missing functions: none
symbol engine: initialized successfully - sym options: 0x614 - pdb path: .;C:\Users\Shreyas\.p2\pool\plugins\org.eclipse.justj.openjdk.hotspot.jre.full.win32.x86_64_17.0.1.v20211116-1657\jre\bin;C:\WINDOWS\SYSTEM32;C:\WINDOWS\WinSxS\amd64_microsoft.windows.common-controls_6595b64144ccf1df_6.0.16299.1087_none_0f9074b65a6589b7;C:\Users\Shreyas\.p2\pool\plugins\org.eclipse.justj.openjdk.hotspot.jre.full.win32.x86_64_17.0.1.v20211116-1657\jre\bin\server

VM Arguments:
jvm_args: -Dfile.encoding=Cp1252 -XX:+ShowCodeDetailsInExceptionMessages 
java_command: tnsif.c2tc.b09.Client
java_class_path (initial): C:\Users\Shreyas\eclipse-workspace\JPQL_Demo\bin;C:\Users\Shreyas\Downloads\0 Hibernate JAR Files\Hibernate\antlr-2.7.7 - Copy.jar;C:\Users\Shreyas\Downloads\0 Hibernate JAR Files\Hibernate\antlr-2.7.7.jar;C:\Users\Shreyas\Downloads\0 Hibernate JAR Files\Hibernate\byte-buddy-1.8.17.jar;C:\Users\Shreyas\Downloads\0 Hibernate JAR Files\Hibernate\classmate-1.3.4.jar;C:\Users\Shreyas\Downloads\0 Hibernate JAR Files\Hibernate\dom4j-2.1.1.jar;C:\Users\Shreyas\Downloads\0 Hibernate JAR Files\Hibernate\hibernate-commons-annotations-5.0.4.Final.jar;C:\Users\Shreyas\Downloads\0 Hibernate JAR Files\Hibernate\hibernate-core-5.3.7.Final.jar;C:\Users\Shreyas\Downloads\0 Hibernate JAR Files\Hibernate\jandex-2.0.5.Final.jar;C:\Users\Shreyas\Downloads\0 Hibernate JAR Files\Hibernate\javassist-3.23.1-GA.jar;C:\Users\Shreyas\Downloads\0 Hibernate JAR Files\Hibernate\javax.activation-api-1.2.0.jar;C:\Users\Shreyas\Downloads\0 Hibernate JAR Files\Hibernate\javax.persistence-api-2.2.jar;C:\Users\Shreyas\Downloads\0 Hibernate JAR Files\Hibernate\jaxb-api-2.2.jar;C:\Users\Shreyas\Downloads\0 Hibernate JAR Files\Hibernate\jboss-logging-3.3.2.Final.jar;C:\Users\Shreyas\Downloads\0 Hibernate JAR Files\Hibernate\jboss-transaction-api_1.2_spec-1.1.1.Final.jar;C:\Users\Shreyas\Downloads\0 Hibernate JAR Files\Hibernate\jsp-api-2.2.jar;C:\Users\Shreyas\Downloads\0 Hibernate JAR Files\Hibernate\jstl-1.2.jar;C:\Users\Shreyas\Downloads\0 Hibernate JAR Files\Hibernate\mysql-connector-java-8.0.13.jar;C:\Users\Shreyas\Downloads\0 Hibernate JAR Files\Hibernate\protobuf-java-3.6.1.jar;C:\Users\Shreyas\Downloads\0 Hibernate JAR Files\Hibernate\servlet-api-2.5.jar
Launcher Type: SUN_STANDARD

[Global flags]
     intx CICompilerCount                          = 3                                         {product} {ergonomic}
     uint ConcGCThreads                            = 1                                         {product} {ergonomic}
     uint G1ConcRefinementThreads                  = 4                                         {product} {ergonomic}
   size_t G1HeapRegionSize                         = 1048576                                   {product} {ergonomic}
    uintx GCDrainStackTargetSize                   = 64                                        {product} {ergonomic}
   size_t InitialHeapSize                          = 67108864                                  {product} {ergonomic}
   size_t MarkStackSize                            = 4194304                                   {product} {ergonomic}
   size_t MaxHeapSize                              = 1052770304                                {product} {ergonomic}
   size_t MaxNewSize                               = 631242752                                 {product} {ergonomic}
   size_t MinHeapDeltaBytes                        = 1048576                                   {product} {ergonomic}
   size_t MinHeapSize                              = 8388608                                   {product} {ergonomic}
    uintx NonNMethodCodeHeapSize                   = 5832780                                {pd product} {ergonomic}
    uintx NonProfiledCodeHeapSize                  = 122912730                              {pd product} {ergonomic}
    uintx ProfiledCodeHeapSize                     = 122912730                              {pd product} {ergonomic}
    uintx ReservedCodeCacheSize                    = 251658240                              {pd product} {ergonomic}
     bool SegmentedCodeCache                       = true                                      {product} {ergonomic}
     bool ShowCodeDetailsInExceptionMessages       = true                                   {manageable} {command line}
   size_t SoftMaxHeapSize                          = 1052770304                             {manageable} {ergonomic}
     bool UseCompressedClassPointers               = true                           {product lp64_product} {ergonomic}
     bool UseCompressedOops                        = true                           {product lp64_product} {ergonomic}
     bool UseG1GC                                  = true                                      {product} {ergonomic}
     bool UseLargePagesIndividualAllocation        = false                                  {pd product} {ergonomic}

Logging:
Log output configuration:
 #0: stdout all=warning uptime,level,tags
 #1: stderr all=off uptime,level,tags

Environment Variables:
PATH=C:/Users/Shreyas/.p2/pool/plugins/org.eclipse.justj.openjdk.hotspot.jre.full.win32.x86_64_17.0.1.v20211116-1657/jre/bin/server;C:/Users/Shreyas/.p2/pool/plugins/org.eclipse.justj.openjdk.hotspot.jre.full.win32.x86_64_17.0.1.v20211116-1657/jre/bin;C:\Program Files\Common Files\Oracle\Java\javapath;C:\WINDOWS\system32;C:\WINDOWS;C:\WINDOWS\System32\Wbem;C:\WINDOWS\System32\WindowsPowerShell\v1.0\;C:\Program Files\MySQL\MySQL Server 8.0\bin;C:\Program Files\Java\jdk-17.0.1;C:\Program Files\MySQL\MySQL Shell 8.0\bin\;C:\Users\Shreyas\AppData\Local\Microsoft\WindowsApps;;C:\Users\Shreyas\Desktop;
USERNAME=Shreyas
OS=Windows_NT
PROCESSOR_IDENTIFIER=Intel64 Family 6 Model 76 Stepping 4, GenuineIntel



---------------  S Y S T E M  ---------------

OS:
 Windows 10 , 64 bit Build 16299 (10.0.16299.1087)
OS uptime: 2 days 11:49 hours

CPU: total 4 (initial active 4) (4 cores per cpu, 1 threads per core) family 6 model 76 stepping 4 microcode 0x410, cx8, cmov, fxsr, mmx, 3dnowpref, sse, sse2, sse3, ssse3, sse4.1, sse4.2, popcnt, tsc, tscinvbit, aes, erms, clmul, clflush

Memory: 4k page, system-wide physical 4010M (467M free)
TotalPageFile size 7595M (AvailPageFile size 0M)
current process WorkingSet (physical memory assigned to process): 68M, peak: 68M
current process commit charge ("private bytes"): 139M, peak: 139M

vm_info: OpenJDK 64-Bit Server VM (17.0.1+12) for windows-amd64 JRE (17.0.1+12), built on Oct 20 2021 07:42:55 by "" with MS VC++ 16.7 (VS2019)

END.
